{"/home/phoenix/dev/github/aurum/src/aurumjs.ts": {"path":"/home/phoenix/dev/github/aurum/src/aurumjs.ts","statementMap":{"0":{"start":{"line":1,"column":0},"end":{"line":1,"column":43}},"1":{"start":{"line":2,"column":0},"end":{"line":2,"column":37}},"2":{"start":{"line":3,"column":0},"end":{"line":3,"column":39}},"3":{"start":{"line":4,"column":0},"end":{"line":4,"column":47}},"4":{"start":{"line":5,"column":0},"end":{"line":5,"column":34}},"5":{"start":{"line":7,"column":0},"end":{"line":7,"column":38}},"6":{"start":{"line":8,"column":0},"end":{"line":8,"column":31}},"7":{"start":{"line":9,"column":0},"end":{"line":9,"column":28}},"8":{"start":{"line":10,"column":0},"end":{"line":10,"column":30}},"9":{"start":{"line":11,"column":0},"end":{"line":11,"column":27}},"10":{"start":{"line":12,"column":0},"end":{"line":12,"column":29}},"11":{"start":{"line":13,"column":0},"end":{"line":13,"column":30}},"12":{"start":{"line":14,"column":0},"end":{"line":14,"column":27}},"13":{"start":{"line":15,"column":0},"end":{"line":15,"column":26}},"14":{"start":{"line":16,"column":0},"end":{"line":16,"column":28}},"15":{"start":{"line":17,"column":0},"end":{"line":17,"column":29}},"16":{"start":{"line":18,"column":0},"end":{"line":18,"column":31}},"17":{"start":{"line":20,"column":0},"end":{"line":20,"column":39}}},"fnMap":{},"branchMap":{},"s":{"0":1,"1":1,"2":1,"3":1,"4":1,"5":1,"6":1,"7":1,"8":1,"9":1,"10":1,"11":1,"12":1,"13":1,"14":1,"15":1,"16":1,"17":1},"f":{},"b":{}}
,"/home/phoenix/dev/github/aurum/src/nodes/aurum_element.ts": {"path":"/home/phoenix/dev/github/aurum/src/nodes/aurum_element.ts","statementMap":{"0":{"start":{"line":1,"column":0},"end":{"line":1,"column":51}},"1":{"start":{"line":2,"column":0},"end":{"line":2,"column":68}},"2":{"start":{"line":4,"column":0},"end":{"line":4,"column":62}},"3":{"start":{"line":5,"column":0},"end":{"line":5,"column":56}},"4":{"start":{"line":68,"column":2},"end":{"line":68,"column":33}},"5":{"start":{"line":69,"column":2},"end":{"line":69,"column":33}},"6":{"start":{"line":70,"column":2},"end":{"line":70,"column":51}},"7":{"start":{"line":71,"column":2},"end":{"line":71,"column":33}},"8":{"start":{"line":72,"column":2},"end":{"line":72,"column":25}},"9":{"start":{"line":73,"column":2},"end":{"line":75,"column":null}},"10":{"start":{"line":74,"column":3},"end":{"line":74,"column":24}},"11":{"start":{"line":80,"column":2},"end":{"line":80,"column":25}},"12":{"start":{"line":82,"column":2},"end":{"line":104,"column":4}},"13":{"start":{"line":105,"column":2},"end":{"line":105,"column":66}},"14":{"start":{"line":107,"column":2},"end":{"line":109,"column":null}},"15":{"start":{"line":108,"column":3},"end":{"line":108,"column":33}},"16":{"start":{"line":111,"column":2},"end":{"line":114,"column":null}},"17":{"start":{"line":112,"column":3},"end":{"line":112,"column":28}},"18":{"start":{"line":113,"column":3},"end":{"line":113,"column":40}},"19":{"start":{"line":118,"column":2},"end":{"line":122,"column":null}},"20":{"start":{"line":119,"column":3},"end":{"line":121,"column":null}},"21":{"start":{"line":120,"column":4},"end":{"line":120,"column":56}},"22":{"start":{"line":126,"column":2},"end":{"line":150,"column":null}},"23":{"start":{"line":127,"column":29},"end":{"line":127,"column":71}},"24":{"start":{"line":130,"column":3},"end":{"line":140,"column":6}},"25":{"start":{"line":132,"column":5},"end":{"line":134,"column":null}},"26":{"start":{"line":133,"column":6},"end":{"line":133,"column":38}},"27":{"start":{"line":135,"column":5},"end":{"line":135,"column":25}},"28":{"start":{"line":138,"column":5},"end":{"line":138,"column":58}},"29":{"start":{"line":142,"column":3},"end":{"line":148,"column":null}},"30":{"start":{"line":143,"column":4},"end":{"line":147,"column":null}},"31":{"start":{"line":144,"column":5},"end":{"line":144,"column":113}},"32":{"start":{"line":145,"column":11},"end":{"line":147,"column":null}},"33":{"start":{"line":146,"column":5},"end":{"line":146,"column":86}},"34":{"start":{"line":149,"column":3},"end":{"line":149,"column":113}},"35":{"start":{"line":149,"column":78},"end":{"line":149,"column":111}},"36":{"start":{"line":154,"column":2},"end":{"line":158,"column":null}},"37":{"start":{"line":155,"column":3},"end":{"line":155,"column":32}},"38":{"start":{"line":157,"column":3},"end":{"line":157,"column":58}},"39":{"start":{"line":160,"column":2},"end":{"line":163,"column":null}},"40":{"start":{"line":161,"column":3},"end":{"line":161,"column":122}},"41":{"start":{"line":161,"column":94},"end":{"line":161,"column":119}},"42":{"start":{"line":162,"column":3},"end":{"line":162,"column":23}},"43":{"start":{"line":165,"column":2},"end":{"line":185,"column":5}},"44":{"start":{"line":166,"column":3},"end":{"line":183,"column":null}},"45":{"start":{"line":168,"column":19},"end":{"line":168,"column":52}},"46":{"start":{"line":169,"column":19},"end":{"line":169,"column":53}},"47":{"start":{"line":170,"column":5},"end":{"line":170,"column":48}},"48":{"start":{"line":171,"column":5},"end":{"line":171,"column":47}},"49":{"start":{"line":172,"column":5},"end":{"line":172,"column":11}},"50":{"start":{"line":174,"column":5},"end":{"line":174,"column":85}},"51":{"start":{"line":174,"column":57},"end":{"line":174,"column":82}},"52":{"start":{"line":175,"column":5},"end":{"line":175,"column":11}},"53":{"start":{"line":177,"column":5},"end":{"line":177,"column":60}},"54":{"start":{"line":178,"column":5},"end":{"line":178,"column":11}},"55":{"start":{"line":180,"column":5},"end":{"line":180,"column":36}},"56":{"start":{"line":181,"column":5},"end":{"line":181,"column":124}},"57":{"start":{"line":181,"column":96},"end":{"line":181,"column":121}},"58":{"start":{"line":182,"column":5},"end":{"line":182,"column":11}},"59":{"start":{"line":184,"column":3},"end":{"line":184,"column":23}},"60":{"start":{"line":189,"column":2},"end":{"line":191,"column":null}},"61":{"start":{"line":190,"column":3},"end":{"line":190,"column":10}},"62":{"start":{"line":193,"column":2},"end":{"line":219,"column":5}},"63":{"start":{"line":194,"column":3},"end":{"line":213,"column":null}},"64":{"start":{"line":194,"column":16},"end":{"line":194,"column":17}},"65":{"start":{"line":195,"column":4},"end":{"line":198,"column":null}},"66":{"start":{"line":196,"column":5},"end":{"line":196,"column":80}},"67":{"start":{"line":197,"column":5},"end":{"line":197,"column":11}},"68":{"start":{"line":199,"column":4},"end":{"line":212,"column":null}},"69":{"start":{"line":200,"column":5},"end":{"line":204,"column":null}},"70":{"start":{"line":201,"column":6},"end":{"line":201,"column":50}},"71":{"start":{"line":202,"column":6},"end":{"line":202,"column":10}},"72":{"start":{"line":203,"column":6},"end":{"line":203,"column":15}},"73":{"start":{"line":206,"column":19},"end":{"line":206,"column":66}},"74":{"start":{"line":207,"column":5},"end":{"line":211,"column":null}},"75":{"start":{"line":208,"column":6},"end":{"line":208,"column":34}},"76":{"start":{"line":210,"column":6},"end":{"line":210,"column":49}},"77":{"start":{"line":214,"column":3},"end":{"line":216,"column":null}},"78":{"start":{"line":215,"column":4},"end":{"line":215,"column":73}},"79":{"start":{"line":218,"column":3},"end":{"line":218,"column":32}},"80":{"start":{"line":220,"column":2},"end":{"line":220,"column":30}},"81":{"start":{"line":224,"column":2},"end":{"line":231,"column":null}},"82":{"start":{"line":225,"column":3},"end":{"line":225,"column":37}},"83":{"start":{"line":227,"column":3},"end":{"line":229,"column":null}},"84":{"start":{"line":228,"column":4},"end":{"line":228,"column":44}},"85":{"start":{"line":230,"column":3},"end":{"line":230,"column":109}},"86":{"start":{"line":230,"column":53},"end":{"line":230,"column":83}},"87":{"start":{"line":235,"column":2},"end":{"line":283,"column":null}},"88":{"start":{"line":236,"column":3},"end":{"line":236,"column":30}},"89":{"start":{"line":237,"column":9},"end":{"line":283,"column":null}},"90":{"start":{"line":238,"column":3},"end":{"line":250,"column":null}},"91":{"start":{"line":239,"column":4},"end":{"line":249,"column":null}},"92":{"start":{"line":240,"column":5},"end":{"line":240,"column":48}},"93":{"start":{"line":241,"column":5},"end":{"line":243,"column":32}},"94":{"start":{"line":242,"column":6},"end":{"line":242,"column":63}},"95":{"start":{"line":245,"column":5},"end":{"line":245,"column":38}},"96":{"start":{"line":246,"column":5},"end":{"line":248,"column":32}},"97":{"start":{"line":247,"column":6},"end":{"line":247,"column":49}},"98":{"start":{"line":251,"column":3},"end":{"line":251,"column":104}},"99":{"start":{"line":251,"column":54},"end":{"line":251,"column":77}},"100":{"start":{"line":253,"column":25},"end":{"line":263,"column":9}},"101":{"start":{"line":254,"column":4},"end":{"line":262,"column":null}},"102":{"start":{"line":255,"column":5},"end":{"line":255,"column":24}},"103":{"start":{"line":257,"column":5},"end":{"line":261,"column":null}},"104":{"start":{"line":258,"column":6},"end":{"line":258,"column":31}},"105":{"start":{"line":260,"column":6},"end":{"line":260,"column":15}},"106":{"start":{"line":264,"column":3},"end":{"line":264,"column":31}},"107":{"start":{"line":265,"column":3},"end":{"line":282,"column":null}},"108":{"start":{"line":266,"column":4},"end":{"line":281,"column":null}},"109":{"start":{"line":267,"column":5},"end":{"line":280,"column":32}},"110":{"start":{"line":268,"column":28},"end":{"line":278,"column":12}},"111":{"start":{"line":269,"column":7},"end":{"line":277,"column":null}},"112":{"start":{"line":270,"column":8},"end":{"line":270,"column":27}},"113":{"start":{"line":272,"column":8},"end":{"line":276,"column":null}},"114":{"start":{"line":273,"column":9},"end":{"line":273,"column":34}},"115":{"start":{"line":275,"column":9},"end":{"line":275,"column":18}},"116":{"start":{"line":279,"column":6},"end":{"line":279,"column":34}},"117":{"start":{"line":287,"column":15},"end":{"line":287,"column":55}},"118":{"start":{"line":288,"column":2},"end":{"line":288,"column":27}},"119":{"start":{"line":289,"column":2},"end":{"line":289,"column":14}},"120":{"start":{"line":293,"column":10},"end":{"line":293,"column":11}},"121":{"start":{"line":294,"column":2},"end":{"line":299,"column":null}},"122":{"start":{"line":295,"column":3},"end":{"line":297,"column":null}},"123":{"start":{"line":296,"column":4},"end":{"line":296,"column":13}},"124":{"start":{"line":298,"column":3},"end":{"line":298,"column":7}},"125":{"start":{"line":300,"column":2},"end":{"line":300,"column":12}},"126":{"start":{"line":304,"column":2},"end":{"line":308,"column":null}},"127":{"start":{"line":305,"column":3},"end":{"line":307,"column":null}},"128":{"start":{"line":306,"column":4},"end":{"line":306,"column":16}},"129":{"start":{"line":309,"column":2},"end":{"line":309,"column":15}},"130":{"start":{"line":313,"column":2},"end":{"line":315,"column":null}},"131":{"start":{"line":314,"column":3},"end":{"line":314,"column":80}},"132":{"start":{"line":317,"column":2},"end":{"line":317,"column":30}},"133":{"start":{"line":321,"column":2},"end":{"line":323,"column":null}},"134":{"start":{"line":322,"column":3},"end":{"line":322,"column":10}},"135":{"start":{"line":325,"column":16},"end":{"line":325,"column":42}},"136":{"start":{"line":326,"column":16},"end":{"line":326,"column":42}},"137":{"start":{"line":327,"column":2},"end":{"line":327,"column":17}},"138":{"start":{"line":328,"column":2},"end":{"line":328,"column":17}},"139":{"start":{"line":329,"column":2},"end":{"line":335,"column":null}},"140":{"start":{"line":330,"column":3},"end":{"line":330,"column":51}},"141":{"start":{"line":331,"column":3},"end":{"line":331,"column":51}},"142":{"start":{"line":333,"column":3},"end":{"line":333,"column":51}},"143":{"start":{"line":334,"column":3},"end":{"line":334,"column":51}},"144":{"start":{"line":339,"column":2},"end":{"line":343,"column":null}},"145":{"start":{"line":340,"column":3},"end":{"line":340,"column":31}},"146":{"start":{"line":342,"column":3},"end":{"line":342,"column":59}},"147":{"start":{"line":347,"column":2},"end":{"line":350,"column":null}},"148":{"start":{"line":348,"column":3},"end":{"line":348,"column":50}},"149":{"start":{"line":349,"column":3},"end":{"line":349,"column":18}},"150":{"start":{"line":354,"column":2},"end":{"line":354,"column":35}},"151":{"start":{"line":358,"column":2},"end":{"line":358,"column":31}},"152":{"start":{"line":362,"column":2},"end":{"line":362,"column":18}},"153":{"start":{"line":363,"column":2},"end":{"line":363,"column":36}},"154":{"start":{"line":367,"column":20},"end":{"line":367,"column":47}},"155":{"start":{"line":368,"column":2},"end":{"line":372,"column":null}},"156":{"start":{"line":369,"column":17},"end":{"line":369,"column":39}},"157":{"start":{"line":370,"column":3},"end":{"line":370,"column":19}},"158":{"start":{"line":371,"column":3},"end":{"line":371,"column":37}},"159":{"start":{"line":376,"column":2},"end":{"line":380,"column":null}},"160":{"start":{"line":377,"column":31},"end":{"line":377,"column":64}},"161":{"start":{"line":378,"column":3},"end":{"line":378,"column":19}},"162":{"start":{"line":379,"column":3},"end":{"line":379,"column":47}},"163":{"start":{"line":384,"column":2},"end":{"line":386,"column":null}},"164":{"start":{"line":385,"column":3},"end":{"line":385,"column":10}},"165":{"start":{"line":388,"column":2},"end":{"line":388,"column":43}},"166":{"start":{"line":392,"column":2},"end":{"line":394,"column":null}},"167":{"start":{"line":393,"column":3},"end":{"line":393,"column":10}},"168":{"start":{"line":396,"column":2},"end":{"line":396,"column":46}},"169":{"start":{"line":400,"column":2},"end":{"line":402,"column":null}},"170":{"start":{"line":401,"column":3},"end":{"line":401,"column":10}},"171":{"start":{"line":404,"column":54},"end":{"line":404,"column":56}},"172":{"start":{"line":405,"column":2},"end":{"line":421,"column":null}},"173":{"start":{"line":406,"column":3},"end":{"line":408,"column":null}},"174":{"start":{"line":407,"column":4},"end":{"line":407,"column":13}},"175":{"start":{"line":409,"column":3},"end":{"line":420,"column":null}},"176":{"start":{"line":410,"column":4},"end":{"line":410,"column":25}},"177":{"start":{"line":411,"column":10},"end":{"line":420,"column":null}},"178":{"start":{"line":412,"column":4},"end":{"line":412,"column":25}},"179":{"start":{"line":413,"column":4},"end":{"line":413,"column":31}},"180":{"start":{"line":414,"column":4},"end":{"line":417,"column":31}},"181":{"start":{"line":415,"column":27},"end":{"line":415,"column":132}},"182":{"start":{"line":415,"column":65},"end":{"line":415,"column":129}},"183":{"start":{"line":416,"column":5},"end":{"line":416,"column":30}},"184":{"start":{"line":419,"column":4},"end":{"line":419,"column":34}},"185":{"start":{"line":422,"column":2},"end":{"line":425,"column":null}},"186":{"start":{"line":423,"column":25},"end":{"line":423,"column":130}},"187":{"start":{"line":423,"column":63},"end":{"line":423,"column":127}},"188":{"start":{"line":424,"column":3},"end":{"line":424,"column":28}},"189":{"start":{"line":429,"column":2},"end":{"line":429,"column":34}},"190":{"start":{"line":430,"column":2},"end":{"line":434,"column":null}},"191":{"start":{"line":431,"column":3},"end":{"line":433,"column":null}},"192":{"start":{"line":432,"column":4},"end":{"line":432,"column":33}},"193":{"start":{"line":435,"column":2},"end":{"line":435,"column":16}},"194":{"start":{"line":40,"column":0},"end":{"line":40,"column":22}},"195":{"start":{"line":451,"column":2},"end":{"line":451,"column":27}},"196":{"start":{"line":452,"column":2},"end":{"line":452,"column":23}},"197":{"start":{"line":453,"column":2},"end":{"line":453,"column":34}},"198":{"start":{"line":446,"column":0},"end":{"line":446,"column":13}}},"fnMap":{"0":{"name":"(anonymous_0)","decl":{"start":{"line":67,"column":1},"end":{"line":67,"column":13}},"loc":{"start":{"line":67,"column":58},"end":{"line":76,"column":2}}},"1":{"name":"(anonymous_1)","decl":{"start":{"line":78,"column":9},"end":{"line":78,"column":19}},"loc":{"start":{"line":78,"column":44},"end":{"line":115,"column":2}}},"2":{"name":"(anonymous_2)","decl":{"start":{"line":117,"column":11},"end":{"line":117,"column":20}},"loc":{"start":{"line":117,"column":47},"end":{"line":123,"column":2}}},"3":{"name":"(anonymous_3)","decl":{"start":{"line":125,"column":11},"end":{"line":125,"column":30}},"loc":{"start":{"line":125,"column":57},"end":{"line":151,"column":2}}},"4":{"name":"(anonymous_4)","decl":{"start":{"line":131,"column":4},"end":{"line":131,"column":7}},"loc":{"start":{"line":131,"column":7},"end":{"line":136,"column":5}}},"5":{"name":"(anonymous_5)","decl":{"start":{"line":137,"column":4},"end":{"line":137,"column":7}},"loc":{"start":{"line":137,"column":7},"end":{"line":139,"column":5}}},"6":{"name":"(anonymous_6)","decl":{"start":{"line":149,"column":59},"end":{"line":149,"column":60}},"loc":{"start":{"line":149,"column":78},"end":{"line":149,"column":111}}},"7":{"name":"(anonymous_7)","decl":{"start":{"line":153,"column":9},"end":{"line":153,"column":21}},"loc":{"start":{"line":153,"column":62},"end":{"line":186,"column":2}}},"8":{"name":"(anonymous_8)","decl":{"start":{"line":161,"column":87},"end":{"line":161,"column":88}},"loc":{"start":{"line":161,"column":94},"end":{"line":161,"column":119}}},"9":{"name":"(anonymous_9)","decl":{"start":{"line":165,"column":37},"end":{"line":165,"column":38}},"loc":{"start":{"line":165,"column":48},"end":{"line":185,"column":3}}},"10":{"name":"(anonymous_10)","decl":{"start":{"line":174,"column":50},"end":{"line":174,"column":51}},"loc":{"start":{"line":174,"column":57},"end":{"line":174,"column":82}}},"11":{"name":"(anonymous_11)","decl":{"start":{"line":181,"column":89},"end":{"line":181,"column":90}},"loc":{"start":{"line":181,"column":96},"end":{"line":181,"column":121}}},"12":{"name":"(anonymous_12)","decl":{"start":{"line":188,"column":11},"end":{"line":188,"column":23}},"loc":{"start":{"line":188,"column":23},"end":{"line":221,"column":2}}},"13":{"name":"(anonymous_13)","decl":{"start":{"line":193,"column":13},"end":{"line":193,"column":16}},"loc":{"start":{"line":193,"column":18},"end":{"line":219,"column":3}}},"14":{"name":"(anonymous_14)","decl":{"start":{"line":223,"column":11},"end":{"line":223,"column":40}},"loc":{"start":{"line":223,"column":72},"end":{"line":232,"column":2}}},"15":{"name":"(anonymous_15)","decl":{"start":{"line":230,"column":46},"end":{"line":230,"column":47}},"loc":{"start":{"line":230,"column":53},"end":{"line":230,"column":83}}},"16":{"name":"(anonymous_16)","decl":{"start":{"line":234,"column":9},"end":{"line":234,"column":20}},"loc":{"start":{"line":234,"column":36},"end":{"line":284,"column":2}}},"17":{"name":"(anonymous_17)","decl":{"start":{"line":241,"column":48},"end":{"line":241,"column":51}},"loc":{"start":{"line":241,"column":53},"end":{"line":243,"column":6}}},"18":{"name":"(anonymous_18)","decl":{"start":{"line":246,"column":48},"end":{"line":246,"column":51}},"loc":{"start":{"line":246,"column":53},"end":{"line":248,"column":6}}},"19":{"name":"(anonymous_19)","decl":{"start":{"line":251,"column":46},"end":{"line":251,"column":47}},"loc":{"start":{"line":251,"column":54},"end":{"line":251,"column":77}}},"20":{"name":"(anonymous_20)","decl":{"start":{"line":253,"column":45},"end":{"line":253,"column":46}},"loc":{"start":{"line":253,"column":54},"end":{"line":263,"column":4}}},"21":{"name":"(anonymous_21)","decl":{"start":{"line":267,"column":45},"end":{"line":267,"column":46}},"loc":{"start":{"line":267,"column":51},"end":{"line":280,"column":6}}},"22":{"name":"(anonymous_22)","decl":{"start":{"line":268,"column":48},"end":{"line":268,"column":49}},"loc":{"start":{"line":268,"column":57},"end":{"line":278,"column":7}}},"23":{"name":"(anonymous_23)","decl":{"start":{"line":286,"column":8},"end":{"line":286,"column":14}},"loc":{"start":{"line":286,"column":39},"end":{"line":290,"column":2}}},"24":{"name":"(anonymous_24)","decl":{"start":{"line":292,"column":11},"end":{"line":292,"column":24}},"loc":{"start":{"line":292,"column":42},"end":{"line":301,"column":2}}},"25":{"name":"(anonymous_25)","decl":{"start":{"line":303,"column":11},"end":{"line":303,"column":19}},"loc":{"start":{"line":303,"column":37},"end":{"line":310,"column":2}}},"26":{"name":"(anonymous_26)","decl":{"start":{"line":312,"column":8},"end":{"line":312,"column":20}},"loc":{"start":{"line":312,"column":34},"end":{"line":318,"column":2}}},"27":{"name":"(anonymous_27)","decl":{"start":{"line":320,"column":8},"end":{"line":320,"column":20}},"loc":{"start":{"line":320,"column":51},"end":{"line":336,"column":2}}},"28":{"name":"(anonymous_28)","decl":{"start":{"line":338,"column":11},"end":{"line":338,"column":23}},"loc":{"start":{"line":338,"column":56},"end":{"line":344,"column":2}}},"29":{"name":"(anonymous_29)","decl":{"start":{"line":346,"column":8},"end":{"line":346,"column":14}},"loc":{"start":{"line":346,"column":14},"end":{"line":351,"column":2}}},"30":{"name":"(anonymous_30)","decl":{"start":{"line":353,"column":8},"end":{"line":353,"column":17}},"loc":{"start":{"line":353,"column":17},"end":{"line":355,"column":2}}},"31":{"name":"(anonymous_31)","decl":{"start":{"line":357,"column":8},"end":{"line":357,"column":19}},"loc":{"start":{"line":357,"column":19},"end":{"line":359,"column":2}}},"32":{"name":"(anonymous_32)","decl":{"start":{"line":361,"column":8},"end":{"line":361,"column":19}},"loc":{"start":{"line":361,"column":39},"end":{"line":364,"column":2}}},"33":{"name":"(anonymous_33)","decl":{"start":{"line":366,"column":8},"end":{"line":366,"column":21}},"loc":{"start":{"line":366,"column":35},"end":{"line":373,"column":2}}},"34":{"name":"(anonymous_34)","decl":{"start":{"line":375,"column":8},"end":{"line":375,"column":21}},"loc":{"start":{"line":375,"column":21},"end":{"line":381,"column":2}}},"35":{"name":"(anonymous_35)","decl":{"start":{"line":383,"column":8},"end":{"line":383,"column":16}},"loc":{"start":{"line":383,"column":36},"end":{"line":389,"column":2}}},"36":{"name":"(anonymous_36)","decl":{"start":{"line":391,"column":8},"end":{"line":391,"column":18}},"loc":{"start":{"line":391,"column":53},"end":{"line":397,"column":2}}},"37":{"name":"(anonymous_37)","decl":{"start":{"line":399,"column":8},"end":{"line":399,"column":19}},"loc":{"start":{"line":399,"column":41},"end":{"line":426,"column":2}}},"38":{"name":"(anonymous_38)","decl":{"start":{"line":414,"column":13},"end":{"line":414,"column":14}},"loc":{"start":{"line":414,"column":19},"end":{"line":417,"column":5}}},"39":{"name":"(anonymous_39)","decl":{"start":{"line":415,"column":55},"end":{"line":415,"column":56}},"loc":{"start":{"line":415,"column":64},"end":{"line":415,"column":129}}},"40":{"name":"(anonymous_40)","decl":{"start":{"line":423,"column":53},"end":{"line":423,"column":54}},"loc":{"start":{"line":423,"column":62},"end":{"line":423,"column":127}}},"41":{"name":"(anonymous_41)","decl":{"start":{"line":428,"column":8},"end":{"line":428,"column":15}},"loc":{"start":{"line":428,"column":15},"end":{"line":436,"column":2}}},"42":{"name":"(anonymous_42)","decl":{"start":{"line":450,"column":1},"end":{"line":450,"column":13}},"loc":{"start":{"line":450,"column":36},"end":{"line":454,"column":2}}}},"branchMap":{"0":{"loc":{"start":{"line":73,"column":2},"end":{"line":75,"column":null}},"type":"if","locations":[{"start":{"line":73,"column":2},"end":{"line":75,"column":null}},{"start":{"line":73,"column":2},"end":{"line":75,"column":null}}]},"1":{"loc":{"start":{"line":107,"column":2},"end":{"line":109,"column":null}},"type":"if","locations":[{"start":{"line":107,"column":2},"end":{"line":109,"column":null}},{"start":{"line":107,"column":2},"end":{"line":109,"column":null}}]},"2":{"loc":{"start":{"line":111,"column":2},"end":{"line":114,"column":null}},"type":"if","locations":[{"start":{"line":111,"column":2},"end":{"line":114,"column":null}},{"start":{"line":111,"column":2},"end":{"line":114,"column":null}}]},"3":{"loc":{"start":{"line":119,"column":3},"end":{"line":121,"column":null}},"type":"if","locations":[{"start":{"line":119,"column":3},"end":{"line":121,"column":null}},{"start":{"line":119,"column":3},"end":{"line":121,"column":null}}]},"4":{"loc":{"start":{"line":132,"column":5},"end":{"line":134,"column":null}},"type":"if","locations":[{"start":{"line":132,"column":5},"end":{"line":134,"column":null}},{"start":{"line":132,"column":5},"end":{"line":134,"column":null}}]},"5":{"loc":{"start":{"line":142,"column":3},"end":{"line":148,"column":null}},"type":"if","locations":[{"start":{"line":142,"column":3},"end":{"line":148,"column":null}},{"start":{"line":142,"column":3},"end":{"line":148,"column":null}}]},"6":{"loc":{"start":{"line":143,"column":4},"end":{"line":147,"column":null}},"type":"if","locations":[{"start":{"line":143,"column":4},"end":{"line":147,"column":null}},{"start":{"line":143,"column":4},"end":{"line":147,"column":null}}]},"7":{"loc":{"start":{"line":145,"column":11},"end":{"line":147,"column":null}},"type":"if","locations":[{"start":{"line":145,"column":11},"end":{"line":147,"column":null}},{"start":{"line":145,"column":11},"end":{"line":147,"column":null}}]},"8":{"loc":{"start":{"line":154,"column":2},"end":{"line":158,"column":null}},"type":"if","locations":[{"start":{"line":154,"column":2},"end":{"line":158,"column":null}},{"start":{"line":154,"column":2},"end":{"line":158,"column":null}}]},"9":{"loc":{"start":{"line":160,"column":2},"end":{"line":163,"column":null}},"type":"if","locations":[{"start":{"line":160,"column":2},"end":{"line":163,"column":null}},{"start":{"line":160,"column":2},"end":{"line":163,"column":null}}]},"10":{"loc":{"start":{"line":167,"column":4},"end":{"line":172,"column":11}},"type":"switch","locations":[{"start":{"line":167,"column":4},"end":{"line":172,"column":11}},{"start":{"line":173,"column":4},"end":{"line":175,"column":11}},{"start":{"line":176,"column":4},"end":{"line":178,"column":11}},{"start":{"line":179,"column":4},"end":{"line":182,"column":11}}]},"11":{"loc":{"start":{"line":189,"column":2},"end":{"line":191,"column":null}},"type":"if","locations":[{"start":{"line":189,"column":2},"end":{"line":191,"column":null}},{"start":{"line":189,"column":2},"end":{"line":191,"column":null}}]},"12":{"loc":{"start":{"line":195,"column":4},"end":{"line":198,"column":null}},"type":"if","locations":[{"start":{"line":195,"column":4},"end":{"line":198,"column":null}},{"start":{"line":195,"column":4},"end":{"line":198,"column":null}}]},"13":{"loc":{"start":{"line":199,"column":4},"end":{"line":212,"column":null}},"type":"if","locations":[{"start":{"line":199,"column":4},"end":{"line":212,"column":null}},{"start":{"line":199,"column":4},"end":{"line":212,"column":null}}]},"14":{"loc":{"start":{"line":200,"column":5},"end":{"line":204,"column":null}},"type":"if","locations":[{"start":{"line":200,"column":5},"end":{"line":204,"column":null}},{"start":{"line":200,"column":5},"end":{"line":204,"column":null}}]},"15":{"loc":{"start":{"line":207,"column":5},"end":{"line":211,"column":null}},"type":"if","locations":[{"start":{"line":207,"column":5},"end":{"line":211,"column":null}},{"start":{"line":207,"column":5},"end":{"line":211,"column":null}}]},"16":{"loc":{"start":{"line":224,"column":2},"end":{"line":231,"column":null}},"type":"if","locations":[{"start":{"line":224,"column":2},"end":{"line":231,"column":null}},{"start":{"line":224,"column":2},"end":{"line":231,"column":null}}]},"17":{"loc":{"start":{"line":227,"column":3},"end":{"line":229,"column":null}},"type":"if","locations":[{"start":{"line":227,"column":3},"end":{"line":229,"column":null}},{"start":{"line":227,"column":3},"end":{"line":229,"column":null}}]},"18":{"loc":{"start":{"line":235,"column":2},"end":{"line":283,"column":null}},"type":"if","locations":[{"start":{"line":235,"column":2},"end":{"line":283,"column":null}},{"start":{"line":235,"column":2},"end":{"line":283,"column":null}}]},"19":{"loc":{"start":{"line":237,"column":9},"end":{"line":283,"column":null}},"type":"if","locations":[{"start":{"line":237,"column":9},"end":{"line":283,"column":null}},{"start":{"line":237,"column":9},"end":{"line":283,"column":null}}]},"20":{"loc":{"start":{"line":238,"column":3},"end":{"line":250,"column":null}},"type":"if","locations":[{"start":{"line":238,"column":3},"end":{"line":250,"column":null}},{"start":{"line":238,"column":3},"end":{"line":250,"column":null}}]},"21":{"loc":{"start":{"line":239,"column":4},"end":{"line":249,"column":null}},"type":"if","locations":[{"start":{"line":239,"column":4},"end":{"line":249,"column":null}},{"start":{"line":239,"column":4},"end":{"line":249,"column":null}}]},"22":{"loc":{"start":{"line":254,"column":4},"end":{"line":262,"column":null}},"type":"if","locations":[{"start":{"line":254,"column":4},"end":{"line":262,"column":null}},{"start":{"line":254,"column":4},"end":{"line":262,"column":null}}]},"23":{"loc":{"start":{"line":257,"column":5},"end":{"line":261,"column":null}},"type":"if","locations":[{"start":{"line":257,"column":5},"end":{"line":261,"column":null}},{"start":{"line":257,"column":5},"end":{"line":261,"column":null}}]},"24":{"loc":{"start":{"line":266,"column":4},"end":{"line":281,"column":null}},"type":"if","locations":[{"start":{"line":266,"column":4},"end":{"line":281,"column":null}},{"start":{"line":266,"column":4},"end":{"line":281,"column":null}}]},"25":{"loc":{"start":{"line":269,"column":7},"end":{"line":277,"column":null}},"type":"if","locations":[{"start":{"line":269,"column":7},"end":{"line":277,"column":null}},{"start":{"line":269,"column":7},"end":{"line":277,"column":null}}]},"26":{"loc":{"start":{"line":272,"column":8},"end":{"line":276,"column":null}},"type":"if","locations":[{"start":{"line":272,"column":8},"end":{"line":276,"column":null}},{"start":{"line":272,"column":8},"end":{"line":276,"column":null}}]},"27":{"loc":{"start":{"line":295,"column":3},"end":{"line":297,"column":null}},"type":"if","locations":[{"start":{"line":295,"column":3},"end":{"line":297,"column":null}},{"start":{"line":295,"column":3},"end":{"line":297,"column":null}}]},"28":{"loc":{"start":{"line":305,"column":3},"end":{"line":307,"column":null}},"type":"if","locations":[{"start":{"line":305,"column":3},"end":{"line":307,"column":null}},{"start":{"line":305,"column":3},"end":{"line":307,"column":null}}]},"29":{"loc":{"start":{"line":313,"column":2},"end":{"line":315,"column":null}},"type":"if","locations":[{"start":{"line":313,"column":2},"end":{"line":315,"column":null}},{"start":{"line":313,"column":2},"end":{"line":315,"column":null}}]},"30":{"loc":{"start":{"line":321,"column":2},"end":{"line":323,"column":null}},"type":"if","locations":[{"start":{"line":321,"column":2},"end":{"line":323,"column":null}},{"start":{"line":321,"column":2},"end":{"line":323,"column":null}}]},"31":{"loc":{"start":{"line":329,"column":2},"end":{"line":335,"column":null}},"type":"if","locations":[{"start":{"line":329,"column":2},"end":{"line":335,"column":null}},{"start":{"line":329,"column":2},"end":{"line":335,"column":null}}]},"32":{"loc":{"start":{"line":339,"column":2},"end":{"line":343,"column":null}},"type":"if","locations":[{"start":{"line":339,"column":2},"end":{"line":343,"column":null}},{"start":{"line":339,"column":2},"end":{"line":343,"column":null}}]},"33":{"loc":{"start":{"line":347,"column":2},"end":{"line":350,"column":null}},"type":"if","locations":[{"start":{"line":347,"column":2},"end":{"line":350,"column":null}},{"start":{"line":347,"column":2},"end":{"line":350,"column":null}}]},"34":{"loc":{"start":{"line":368,"column":2},"end":{"line":372,"column":null}},"type":"if","locations":[{"start":{"line":368,"column":2},"end":{"line":372,"column":null}},{"start":{"line":368,"column":2},"end":{"line":372,"column":null}}]},"35":{"loc":{"start":{"line":384,"column":2},"end":{"line":386,"column":null}},"type":"if","locations":[{"start":{"line":384,"column":2},"end":{"line":386,"column":null}},{"start":{"line":384,"column":2},"end":{"line":386,"column":null}}]},"36":{"loc":{"start":{"line":392,"column":2},"end":{"line":394,"column":null}},"type":"if","locations":[{"start":{"line":392,"column":2},"end":{"line":394,"column":null}},{"start":{"line":392,"column":2},"end":{"line":394,"column":null}}]},"37":{"loc":{"start":{"line":400,"column":2},"end":{"line":402,"column":null}},"type":"if","locations":[{"start":{"line":400,"column":2},"end":{"line":402,"column":null}},{"start":{"line":400,"column":2},"end":{"line":402,"column":null}}]},"38":{"loc":{"start":{"line":406,"column":3},"end":{"line":408,"column":null}},"type":"if","locations":[{"start":{"line":406,"column":3},"end":{"line":408,"column":null}},{"start":{"line":406,"column":3},"end":{"line":408,"column":null}}]},"39":{"loc":{"start":{"line":409,"column":3},"end":{"line":420,"column":null}},"type":"if","locations":[{"start":{"line":409,"column":3},"end":{"line":420,"column":null}},{"start":{"line":409,"column":3},"end":{"line":420,"column":null}}]},"40":{"loc":{"start":{"line":411,"column":10},"end":{"line":420,"column":null}},"type":"if","locations":[{"start":{"line":411,"column":10},"end":{"line":420,"column":null}},{"start":{"line":411,"column":10},"end":{"line":420,"column":null}}]},"41":{"loc":{"start":{"line":415,"column":96},"end":{"line":415,"column":122}},"type":"cond-expr","locations":[{"start":{"line":415,"column":96},"end":{"line":415,"column":122}},{"start":{"line":415,"column":125},"end":{"line":415,"column":126}}]},"42":{"loc":{"start":{"line":415,"column":104},"end":{"line":415,"column":108}},"type":"cond-expr","locations":[{"start":{"line":415,"column":104},"end":{"line":415,"column":108}},{"start":{"line":415,"column":108},"end":{"line":415,"column":110}}]},"43":{"loc":{"start":{"line":415,"column":104},"end":{"line":415,"column":108}},"type":"binary-expr","locations":[{"start":{"line":415,"column":104},"end":{"line":415,"column":108}},{"start":{"line":415,"column":104},"end":{"line":415,"column":108}}]},"44":{"loc":{"start":{"line":422,"column":2},"end":{"line":425,"column":null}},"type":"if","locations":[{"start":{"line":422,"column":2},"end":{"line":425,"column":null}},{"start":{"line":422,"column":2},"end":{"line":425,"column":null}}]},"45":{"loc":{"start":{"line":423,"column":94},"end":{"line":423,"column":120}},"type":"cond-expr","locations":[{"start":{"line":423,"column":94},"end":{"line":423,"column":120}},{"start":{"line":423,"column":123},"end":{"line":423,"column":124}}]},"46":{"loc":{"start":{"line":423,"column":102},"end":{"line":423,"column":106}},"type":"cond-expr","locations":[{"start":{"line":423,"column":102},"end":{"line":423,"column":106}},{"start":{"line":423,"column":106},"end":{"line":423,"column":108}}]},"47":{"loc":{"start":{"line":423,"column":102},"end":{"line":423,"column":106}},"type":"binary-expr","locations":[{"start":{"line":423,"column":102},"end":{"line":423,"column":106}},{"start":{"line":423,"column":102},"end":{"line":423,"column":106}}]},"48":{"loc":{"start":{"line":431,"column":3},"end":{"line":433,"column":null}},"type":"if","locations":[{"start":{"line":431,"column":3},"end":{"line":433,"column":null}},{"start":{"line":431,"column":3},"end":{"line":433,"column":null}}]}},"s":{"0":1,"1":1,"2":1,"3":1,"4":9,"5":9,"6":9,"7":9,"8":9,"9":9,"10":0,"11":9,"12":9,"13":9,"14":9,"15":0,"16":9,"17":0,"18":0,"19":9,"20":36,"21":0,"22":9,"23":162,"24":162,"25":0,"26":0,"27":0,"28":0,"29":162,"30":0,"31":0,"32":0,"33":0,"34":162,"35":0,"36":0,"37":0,"38":0,"39":0,"40":0,"41":0,"42":0,"43":0,"44":0,"45":0,"46":0,"47":0,"48":0,"49":0,"50":0,"51":0,"52":0,"53":0,"54":0,"55":0,"56":0,"57":0,"58":0,"59":0,"60":0,"61":0,"62":0,"63":0,"64":0,"65":0,"66":0,"67":0,"68":0,"69":0,"70":0,"71":0,"72":0,"73":0,"74":0,"75":0,"76":0,"77":0,"78":0,"79":0,"80":0,"81":0,"82":0,"83":0,"84":0,"85":0,"86":0,"87":0,"88":0,"89":0,"90":0,"91":0,"92":0,"93":0,"94":0,"95":0,"96":0,"97":0,"98":0,"99":0,"100":0,"101":0,"102":0,"103":0,"104":0,"105":0,"106":0,"107":0,"108":0,"109":0,"110":0,"111":0,"112":0,"113":0,"114":0,"115":0,"116":0,"117":9,"118":9,"119":9,"120":0,"121":0,"122":0,"123":0,"124":0,"125":0,"126":0,"127":0,"128":0,"129":0,"130":5,"131":0,"132":5,"133":0,"134":0,"135":0,"136":0,"137":0,"138":0,"139":0,"140":0,"141":0,"142":0,"143":0,"144":0,"145":0,"146":0,"147":16,"148":8,"149":8,"150":16,"151":0,"152":0,"153":0,"154":0,"155":0,"156":0,"157":0,"158":0,"159":0,"160":0,"161":0,"162":0,"163":0,"164":0,"165":0,"166":0,"167":0,"168":0,"169":10,"170":4,"171":6,"172":6,"173":6,"174":0,"175":6,"176":3,"177":3,"178":1,"179":1,"180":1,"181":0,"182":0,"183":0,"184":2,"185":6,"186":4,"187":4,"188":4,"189":16,"190":16,"191":2,"192":2,"193":16,"194":1,"195":0,"196":0,"197":0,"198":1},"f":{"0":9,"1":9,"2":9,"3":9,"4":0,"5":0,"6":0,"7":0,"8":0,"9":0,"10":0,"11":0,"12":0,"13":0,"14":0,"15":0,"16":0,"17":0,"18":0,"19":0,"20":0,"21":0,"22":0,"23":9,"24":0,"25":0,"26":5,"27":0,"28":0,"29":16,"30":16,"31":0,"32":0,"33":0,"34":0,"35":0,"36":0,"37":10,"38":0,"39":0,"40":4,"41":16,"42":0},"b":{"0":[0,9],"1":[0,9],"2":[0,9],"3":[0,36],"4":[0,0],"5":[0,162],"6":[0,0],"7":[0,0],"8":[0,0],"9":[0,0],"10":[0,0,0,0],"11":[0,0],"12":[0,0],"13":[0,0],"14":[0,0],"15":[0,0],"16":[0,0],"17":[0,0],"18":[0,0],"19":[0,0],"20":[0,0],"21":[0,0],"22":[0,0],"23":[0,0],"24":[0,0],"25":[0,0],"26":[0,0],"27":[0,0],"28":[0,0],"29":[0,5],"30":[0,0],"31":[0,0],"32":[0,0],"33":[8,8],"34":[0,0],"35":[0,0],"36":[0,0],"37":[4,6],"38":[0,6],"39":[3,3],"40":[1,2],"41":[0,0],"42":[0,0],"43":[0,0],"44":[4,2],"45":[1,3],"46":[1,0],"47":[1,1],"48":[2,0]}}
,"/home/phoenix/dev/github/aurum/src/nodes/button.ts": {"path":"/home/phoenix/dev/github/aurum/src/nodes/button.ts","statementMap":{"0":{"start":{"line":1,"column":0},"end":{"line":1,"column":66}},"1":{"start":{"line":10,"column":2},"end":{"line":10,"column":25}},"2":{"start":{"line":8,"column":0},"end":{"line":8,"column":13}}},"fnMap":{"0":{"name":"(anonymous_0)","decl":{"start":{"line":9,"column":1},"end":{"line":9,"column":13}},"loc":{"start":{"line":9,"column":31},"end":{"line":11,"column":2}}}},"branchMap":{},"s":{"0":1,"1":0,"2":1},"f":{"0":0},"b":{}}
,"/home/phoenix/dev/github/aurum/src/nodes/canvas.ts": {"path":"/home/phoenix/dev/github/aurum/src/nodes/canvas.ts","statementMap":{"0":{"start":{"line":1,"column":0},"end":{"line":1,"column":66}},"1":{"start":{"line":13,"column":2},"end":{"line":13,"column":25}},"2":{"start":{"line":14,"column":2},"end":{"line":14,"column":45}},"3":{"start":{"line":11,"column":0},"end":{"line":11,"column":13}}},"fnMap":{"0":{"name":"(anonymous_0)","decl":{"start":{"line":12,"column":1},"end":{"line":12,"column":13}},"loc":{"start":{"line":12,"column":31},"end":{"line":15,"column":2}}}},"branchMap":{},"s":{"0":1,"1":0,"2":0,"3":1},"f":{"0":0},"b":{}}
,"/home/phoenix/dev/github/aurum/src/nodes/div.ts": {"path":"/home/phoenix/dev/github/aurum/src/nodes/div.ts","statementMap":{"0":{"start":{"line":1,"column":0},"end":{"line":1,"column":66}},"1":{"start":{"line":10,"column":2},"end":{"line":10,"column":22}},"2":{"start":{"line":8,"column":0},"end":{"line":8,"column":13}}},"fnMap":{"0":{"name":"(anonymous_0)","decl":{"start":{"line":9,"column":1},"end":{"line":9,"column":13}},"loc":{"start":{"line":9,"column":28},"end":{"line":11,"column":2}}}},"branchMap":{},"s":{"0":1,"1":7,"2":1},"f":{"0":7},"b":{}}
,"/home/phoenix/dev/github/aurum/src/nodes/img.ts": {"path":"/home/phoenix/dev/github/aurum/src/nodes/img.ts","statementMap":{"0":{"start":{"line":1,"column":0},"end":{"line":1,"column":66}},"1":{"start":{"line":12,"column":2},"end":{"line":12,"column":22}},"2":{"start":{"line":13,"column":2},"end":{"line":13,"column":33}},"3":{"start":{"line":10,"column":0},"end":{"line":10,"column":13}}},"fnMap":{"0":{"name":"(anonymous_0)","decl":{"start":{"line":11,"column":1},"end":{"line":11,"column":13}},"loc":{"start":{"line":11,"column":28},"end":{"line":14,"column":2}}}},"branchMap":{},"s":{"0":1,"1":0,"2":0,"3":1},"f":{"0":0},"b":{}}
,"/home/phoenix/dev/github/aurum/src/nodes/input.ts": {"path":"/home/phoenix/dev/github/aurum/src/nodes/input.ts","statementMap":{"0":{"start":{"line":1,"column":0},"end":{"line":1,"column":66}},"1":{"start":{"line":21,"column":2},"end":{"line":21,"column":24}},"2":{"start":{"line":22,"column":2},"end":{"line":27,"column":null}},"3":{"start":{"line":23,"column":3},"end":{"line":23,"column":78}},"4":{"start":{"line":24,"column":3},"end":{"line":24,"column":95}},"5":{"start":{"line":24,"column":45},"end":{"line":24,"column":68}},"6":{"start":{"line":26,"column":3},"end":{"line":26,"column":46}},"7":{"start":{"line":28,"column":2},"end":{"line":28,"column":41}},"8":{"start":{"line":29,"column":2},"end":{"line":29,"column":55}},"9":{"start":{"line":14,"column":0},"end":{"line":14,"column":13}}},"fnMap":{"0":{"name":"(anonymous_0)","decl":{"start":{"line":20,"column":1},"end":{"line":20,"column":13}},"loc":{"start":{"line":20,"column":30},"end":{"line":30,"column":2}}},"1":{"name":"(anonymous_1)","decl":{"start":{"line":24,"column":33},"end":{"line":24,"column":34}},"loc":{"start":{"line":24,"column":45},"end":{"line":24,"column":68}}}},"branchMap":{"0":{"loc":{"start":{"line":22,"column":2},"end":{"line":27,"column":null}},"type":"if","locations":[{"start":{"line":22,"column":2},"end":{"line":27,"column":null}},{"start":{"line":22,"column":2},"end":{"line":27,"column":null}}]},"1":{"loc":{"start":{"line":23,"column":39},"end":{"line":23,"column":43}},"type":"cond-expr","locations":[{"start":{"line":23,"column":39},"end":{"line":23,"column":43}},{"start":{"line":23,"column":43},"end":{"line":23,"column":71}}]},"2":{"loc":{"start":{"line":23,"column":39},"end":{"line":23,"column":43}},"type":"binary-expr","locations":[{"start":{"line":23,"column":39},"end":{"line":23,"column":43}},{"start":{"line":23,"column":39},"end":{"line":23,"column":43}}]},"3":{"loc":{"start":{"line":23,"column":71},"end":{"line":23,"column":75}},"type":"cond-expr","locations":[{"start":{"line":23,"column":71},"end":{"line":23,"column":75}},{"start":{"line":23,"column":75},"end":{"line":23,"column":77}}]},"4":{"loc":{"start":{"line":23,"column":71},"end":{"line":23,"column":75}},"type":"binary-expr","locations":[{"start":{"line":23,"column":71},"end":{"line":23,"column":75}},{"start":{"line":23,"column":71},"end":{"line":23,"column":75}}]},"5":{"loc":{"start":{"line":26,"column":39},"end":{"line":26,"column":43}},"type":"cond-expr","locations":[{"start":{"line":26,"column":39},"end":{"line":26,"column":43}},{"start":{"line":26,"column":43},"end":{"line":26,"column":45}}]},"6":{"loc":{"start":{"line":26,"column":39},"end":{"line":26,"column":43}},"type":"binary-expr","locations":[{"start":{"line":26,"column":39},"end":{"line":26,"column":43}},{"start":{"line":26,"column":39},"end":{"line":26,"column":43}}]}},"s":{"0":1,"1":0,"2":0,"3":0,"4":0,"5":0,"6":0,"7":0,"8":0,"9":1},"f":{"0":0,"1":0},"b":{"0":[0,0],"1":[0,0],"2":[0,0],"3":[0,0],"4":[0,0],"5":[0,0],"6":[0,0]}}
,"/home/phoenix/dev/github/aurum/src/nodes/li.ts": {"path":"/home/phoenix/dev/github/aurum/src/nodes/li.ts","statementMap":{"0":{"start":{"line":1,"column":0},"end":{"line":1,"column":66}},"1":{"start":{"line":10,"column":2},"end":{"line":10,"column":21}},"2":{"start":{"line":8,"column":0},"end":{"line":8,"column":13}}},"fnMap":{"0":{"name":"(anonymous_0)","decl":{"start":{"line":9,"column":1},"end":{"line":9,"column":13}},"loc":{"start":{"line":9,"column":27},"end":{"line":11,"column":2}}}},"branchMap":{},"s":{"0":1,"1":0,"2":1},"f":{"0":0},"b":{}}
,"/home/phoenix/dev/github/aurum/src/nodes/link.ts": {"path":"/home/phoenix/dev/github/aurum/src/nodes/link.ts","statementMap":{"0":{"start":{"line":1,"column":0},"end":{"line":1,"column":66}},"1":{"start":{"line":13,"column":2},"end":{"line":13,"column":23}},"2":{"start":{"line":14,"column":2},"end":{"line":14,"column":41}},"3":{"start":{"line":11,"column":0},"end":{"line":11,"column":13}}},"fnMap":{"0":{"name":"(anonymous_0)","decl":{"start":{"line":12,"column":1},"end":{"line":12,"column":13}},"loc":{"start":{"line":12,"column":29},"end":{"line":15,"column":2}}}},"branchMap":{},"s":{"0":1,"1":0,"2":0,"3":1},"f":{"0":0},"b":{}}
,"/home/phoenix/dev/github/aurum/src/nodes/p.ts": {"path":"/home/phoenix/dev/github/aurum/src/nodes/p.ts","statementMap":{"0":{"start":{"line":1,"column":0},"end":{"line":1,"column":66}},"1":{"start":{"line":10,"column":2},"end":{"line":10,"column":20}},"2":{"start":{"line":8,"column":0},"end":{"line":8,"column":13}}},"fnMap":{"0":{"name":"(anonymous_0)","decl":{"start":{"line":9,"column":1},"end":{"line":9,"column":13}},"loc":{"start":{"line":9,"column":26},"end":{"line":11,"column":2}}}},"branchMap":{},"s":{"0":1,"1":2,"2":1},"f":{"0":2},"b":{}}
,"/home/phoenix/dev/github/aurum/src/nodes/span.ts": {"path":"/home/phoenix/dev/github/aurum/src/nodes/span.ts","statementMap":{"0":{"start":{"line":1,"column":0},"end":{"line":1,"column":66}},"1":{"start":{"line":7,"column":2},"end":{"line":7,"column":23}},"2":{"start":{"line":5,"column":0},"end":{"line":5,"column":13}}},"fnMap":{"0":{"name":"(anonymous_0)","decl":{"start":{"line":6,"column":1},"end":{"line":6,"column":13}},"loc":{"start":{"line":6,"column":29},"end":{"line":8,"column":2}}}},"branchMap":{},"s":{"0":1,"1":0,"2":1},"f":{"0":0},"b":{}}
,"/home/phoenix/dev/github/aurum/src/nodes/style.ts": {"path":"/home/phoenix/dev/github/aurum/src/nodes/style.ts","statementMap":{"0":{"start":{"line":1,"column":0},"end":{"line":1,"column":66}},"1":{"start":{"line":7,"column":2},"end":{"line":7,"column":24}},"2":{"start":{"line":5,"column":0},"end":{"line":5,"column":13}}},"fnMap":{"0":{"name":"(anonymous_0)","decl":{"start":{"line":6,"column":1},"end":{"line":6,"column":13}},"loc":{"start":{"line":6,"column":30},"end":{"line":8,"column":2}}}},"branchMap":{},"s":{"0":1,"1":0,"2":1},"f":{"0":0},"b":{}}
,"/home/phoenix/dev/github/aurum/src/nodes/ul.ts": {"path":"/home/phoenix/dev/github/aurum/src/nodes/ul.ts","statementMap":{"0":{"start":{"line":1,"column":0},"end":{"line":1,"column":66}},"1":{"start":{"line":9,"column":2},"end":{"line":9,"column":21}},"2":{"start":{"line":7,"column":0},"end":{"line":7,"column":13}}},"fnMap":{"0":{"name":"(anonymous_0)","decl":{"start":{"line":8,"column":1},"end":{"line":8,"column":13}},"loc":{"start":{"line":8,"column":27},"end":{"line":10,"column":2}}}},"branchMap":{},"s":{"0":1,"1":0,"2":1},"f":{"0":0},"b":{}}
,"/home/phoenix/dev/github/aurum/src/nodes/special/switch.ts": {"path":"/home/phoenix/dev/github/aurum/src/nodes/special/switch.ts","statementMap":{"0":{"start":{"line":1,"column":0},"end":{"line":1,"column":77}},"1":{"start":{"line":18,"column":2},"end":{"line":18,"column":25}},"2":{"start":{"line":13,"column":9},"end":{"line":13,"column":28}},"3":{"start":{"line":20,"column":2},"end":{"line":20,"column":39}},"4":{"start":{"line":21,"column":2},"end":{"line":21,"column":33}},"5":{"start":{"line":22,"column":2},"end":{"line":24,"column":29}},"6":{"start":{"line":23,"column":3},"end":{"line":23,"column":21}},"7":{"start":{"line":28,"column":2},"end":{"line":42,"column":null}},"8":{"start":{"line":29,"column":3},"end":{"line":29,"column":25}},"9":{"start":{"line":30,"column":3},"end":{"line":30,"column":28}},"10":{"start":{"line":31,"column":3},"end":{"line":31,"column":24}},"11":{"start":{"line":32,"column":3},"end":{"line":41,"column":null}},"12":{"start":{"line":33,"column":18},"end":{"line":33,"column":72}},"13":{"start":{"line":34,"column":4},"end":{"line":37,"column":null}},"14":{"start":{"line":35,"column":20},"end":{"line":35,"column":39}},"15":{"start":{"line":36,"column":5},"end":{"line":36,"column":27}},"16":{"start":{"line":38,"column":10},"end":{"line":41,"column":null}},"17":{"start":{"line":39,"column":19},"end":{"line":39,"column":43}},"18":{"start":{"line":40,"column":4},"end":{"line":40,"column":26}},"19":{"start":{"line":11,"column":0},"end":{"line":11,"column":13}}},"fnMap":{"0":{"name":"(anonymous_0)","decl":{"start":{"line":17,"column":1},"end":{"line":17,"column":13}},"loc":{"start":{"line":17,"column":34},"end":{"line":25,"column":2}}},"1":{"name":"(anonymous_1)","decl":{"start":{"line":22,"column":21},"end":{"line":22,"column":22}},"loc":{"start":{"line":22,"column":30},"end":{"line":24,"column":3}}},"2":{"name":"(anonymous_2)","decl":{"start":{"line":27,"column":11},"end":{"line":27,"column":17}},"loc":{"start":{"line":27,"column":25},"end":{"line":43,"column":2}}}},"branchMap":{"0":{"loc":{"start":{"line":28,"column":2},"end":{"line":42,"column":null}},"type":"if","locations":[{"start":{"line":28,"column":2},"end":{"line":42,"column":null}},{"start":{"line":28,"column":2},"end":{"line":42,"column":null}}]},"1":{"loc":{"start":{"line":28,"column":6},"end":{"line":28,"column":29}},"type":"binary-expr","locations":[{"start":{"line":28,"column":6},"end":{"line":28,"column":29}},{"start":{"line":28,"column":33},"end":{"line":28,"column":49}}]},"2":{"loc":{"start":{"line":32,"column":3},"end":{"line":41,"column":null}},"type":"if","locations":[{"start":{"line":32,"column":3},"end":{"line":41,"column":null}},{"start":{"line":32,"column":3},"end":{"line":41,"column":null}}]},"3":{"loc":{"start":{"line":32,"column":7},"end":{"line":32,"column":25}},"type":"binary-expr","locations":[{"start":{"line":32,"column":7},"end":{"line":32,"column":25}},{"start":{"line":32,"column":29},"end":{"line":32,"column":42}}]},"4":{"loc":{"start":{"line":33,"column":54},"end":{"line":33,"column":58}},"type":"cond-expr","locations":[{"start":{"line":33,"column":54},"end":{"line":33,"column":58}},{"start":{"line":33,"column":58},"end":{"line":33,"column":71}}]},"5":{"loc":{"start":{"line":33,"column":54},"end":{"line":33,"column":58}},"type":"binary-expr","locations":[{"start":{"line":33,"column":54},"end":{"line":33,"column":58}},{"start":{"line":33,"column":54},"end":{"line":33,"column":58}}]},"6":{"loc":{"start":{"line":34,"column":4},"end":{"line":37,"column":null}},"type":"if","locations":[{"start":{"line":34,"column":4},"end":{"line":37,"column":null}},{"start":{"line":34,"column":4},"end":{"line":37,"column":null}}]},"7":{"loc":{"start":{"line":38,"column":10},"end":{"line":41,"column":null}},"type":"if","locations":[{"start":{"line":38,"column":10},"end":{"line":41,"column":null}},{"start":{"line":38,"column":10},"end":{"line":41,"column":null}}]}},"s":{"0":1,"1":0,"2":0,"3":0,"4":0,"5":0,"6":0,"7":0,"8":0,"9":0,"10":0,"11":0,"12":0,"13":0,"14":0,"15":0,"16":0,"17":0,"18":0,"19":1},"f":{"0":0,"1":0,"2":0},"b":{"0":[0,0],"1":[0,0],"2":[0,0],"3":[0,0],"4":[0,0],"5":[0,0],"6":[0,0],"7":[0,0]}}
,"/home/phoenix/dev/github/aurum/src/stream/array_data_source.ts": {"path":"/home/phoenix/dev/github/aurum/src/stream/array_data_source.ts","statementMap":{"0":{"start":{"line":1,"column":0},"end":{"line":1,"column":47}},"1":{"start":{"line":2,"column":0},"end":{"line":2,"column":43}},"2":{"start":{"line":20,"column":2},"end":{"line":24,"column":null}},"3":{"start":{"line":21,"column":3},"end":{"line":21,"column":35}},"4":{"start":{"line":23,"column":3},"end":{"line":23,"column":18}},"5":{"start":{"line":25,"column":2},"end":{"line":25,"column":37}},"6":{"start":{"line":29,"column":2},"end":{"line":29,"column":26}},"7":{"start":{"line":33,"column":2},"end":{"line":33,"column":27}},"8":{"start":{"line":37,"column":2},"end":{"line":37,"column":26}},"9":{"start":{"line":41,"column":14},"end":{"line":41,"column":30}},"10":{"start":{"line":42,"column":2},"end":{"line":44,"column":null}},"11":{"start":{"line":43,"column":3},"end":{"line":43,"column":10}},"12":{"start":{"line":45,"column":2},"end":{"line":45,"column":26}},"13":{"start":{"line":46,"column":2},"end":{"line":46,"column":113}},"14":{"start":{"line":50,"column":2},"end":{"line":52,"column":null}},"15":{"start":{"line":51,"column":3},"end":{"line":51,"column":10}},"16":{"start":{"line":54,"column":16},"end":{"line":54,"column":33}},"17":{"start":{"line":55,"column":16},"end":{"line":55,"column":33}},"18":{"start":{"line":56,"column":2},"end":{"line":56,"column":28}},"19":{"start":{"line":57,"column":2},"end":{"line":57,"column":28}},"20":{"start":{"line":59,"column":2},"end":{"line":59,"column":119}},"21":{"start":{"line":63,"column":2},"end":{"line":65,"column":null}},"22":{"start":{"line":64,"column":3},"end":{"line":64,"column":10}},"23":{"start":{"line":67,"column":17},"end":{"line":67,"column":41}},"24":{"start":{"line":68,"column":17},"end":{"line":68,"column":41}},"25":{"start":{"line":69,"column":2},"end":{"line":72,"column":null}},"26":{"start":{"line":70,"column":3},"end":{"line":70,"column":29}},"27":{"start":{"line":71,"column":3},"end":{"line":71,"column":29}},"28":{"start":{"line":74,"column":2},"end":{"line":74,"column":119}},"29":{"start":{"line":78,"column":2},"end":{"line":78,"column":27}},"30":{"start":{"line":79,"column":2},"end":{"line":85,"column":5}},"31":{"start":{"line":89,"column":2},"end":{"line":89,"column":30}},"32":{"start":{"line":90,"column":2},"end":{"line":90,"column":106}},"33":{"start":{"line":94,"column":15},"end":{"line":94,"column":30}},"34":{"start":{"line":95,"column":2},"end":{"line":101,"column":5}},"35":{"start":{"line":103,"column":2},"end":{"line":103,"column":14}},"36":{"start":{"line":107,"column":2},"end":{"line":115,"column":null}},"37":{"start":{"line":107,"column":15},"end":{"line":107,"column":16}},"38":{"start":{"line":108,"column":3},"end":{"line":114,"column":null}},"39":{"start":{"line":109,"column":4},"end":{"line":113,"column":null}},"40":{"start":{"line":110,"column":5},"end":{"line":110,"column":29}},"41":{"start":{"line":112,"column":5},"end":{"line":112,"column":27}},"42":{"start":{"line":116,"column":2},"end":{"line":118,"column":null}},"43":{"start":{"line":117,"column":3},"end":{"line":117,"column":50}},"44":{"start":{"line":122,"column":17},"end":{"line":122,"column":61}},"45":{"start":{"line":123,"column":2},"end":{"line":123,"column":117}},"46":{"start":{"line":127,"column":17},"end":{"line":127,"column":43}},"47":{"start":{"line":128,"column":2},"end":{"line":128,"column":99}},"48":{"start":{"line":132,"column":16},"end":{"line":132,"column":39}},"49":{"start":{"line":133,"column":2},"end":{"line":136,"column":null}},"50":{"start":{"line":134,"column":3},"end":{"line":134,"column":30}},"51":{"start":{"line":135,"column":3},"end":{"line":135,"column":100}},"52":{"start":{"line":140,"column":16},"end":{"line":140,"column":25}},"53":{"start":{"line":141,"column":2},"end":{"line":141,"column":17}},"54":{"start":{"line":142,"column":2},"end":{"line":148,"column":5}},"55":{"start":{"line":152,"column":15},"end":{"line":152,"column":32}},"56":{"start":{"line":153,"column":2},"end":{"line":153,"column":102}},"57":{"start":{"line":155,"column":2},"end":{"line":155,"column":14}},"58":{"start":{"line":159,"column":2},"end":{"line":159,"column":27}},"59":{"start":{"line":163,"column":2},"end":{"line":163,"column":66}},"60":{"start":{"line":167,"column":2},"end":{"line":167,"column":48}},"61":{"start":{"line":171,"column":17},"end":{"line":171,"column":42}},"62":{"start":{"line":172,"column":2},"end":{"line":174,"column":5}},"63":{"start":{"line":173,"column":3},"end":{"line":173,"column":29}},"64":{"start":{"line":175,"column":2},"end":{"line":175,"column":16}},"65":{"start":{"line":15,"column":0},"end":{"line":15,"column":13}},"66":{"start":{"line":184,"column":19},"end":{"line":184,"column":70}},"67":{"start":{"line":185,"column":2},"end":{"line":185,"column":17}},"68":{"start":{"line":187,"column":2},"end":{"line":187,"column":23}},"69":{"start":{"line":188,"column":2},"end":{"line":188,"column":27}},"70":{"start":{"line":190,"column":2},"end":{"line":225,"column":24}},"71":{"start":{"line":192,"column":3},"end":{"line":224,"column":null}},"72":{"start":{"line":194,"column":5},"end":{"line":196,"column":null}},"73":{"start":{"line":195,"column":6},"end":{"line":195,"column":24}},"74":{"start":{"line":197,"column":5},"end":{"line":197,"column":11}},"75":{"start":{"line":199,"column":5},"end":{"line":199,"column":58}},"76":{"start":{"line":200,"column":5},"end":{"line":200,"column":36}},"77":{"start":{"line":201,"column":5},"end":{"line":201,"column":11}},"78":{"start":{"line":203,"column":5},"end":{"line":203,"column":58}},"79":{"start":{"line":204,"column":5},"end":{"line":204,"column":33}},"80":{"start":{"line":205,"column":5},"end":{"line":205,"column":11}},"81":{"start":{"line":207,"column":20},"end":{"line":207,"column":54}},"82":{"start":{"line":208,"column":20},"end":{"line":208,"column":54}},"83":{"start":{"line":209,"column":5},"end":{"line":211,"column":null}},"84":{"start":{"line":210,"column":6},"end":{"line":210,"column":32}},"85":{"start":{"line":212,"column":5},"end":{"line":212,"column":11}},"86":{"start":{"line":214,"column":19},"end":{"line":214,"column":51}},"87":{"start":{"line":215,"column":5},"end":{"line":222,"column":null}},"88":{"start":{"line":216,"column":24},"end":{"line":216,"column":56}},"89":{"start":{"line":217,"column":6},"end":{"line":221,"column":null}},"90":{"start":{"line":218,"column":7},"end":{"line":218,"column":40}},"91":{"start":{"line":220,"column":7},"end":{"line":220,"column":34}},"92":{"start":{"line":223,"column":5},"end":{"line":223,"column":11}},"93":{"start":{"line":229,"column":2},"end":{"line":231,"column":null}},"94":{"start":{"line":230,"column":3},"end":{"line":230,"column":10}},"95":{"start":{"line":232,"column":2},"end":{"line":232,"column":27}},"96":{"start":{"line":233,"column":2},"end":{"line":233,"column":17}},"97":{"start":{"line":237,"column":2},"end":{"line":237,"column":15}},"98":{"start":{"line":238,"column":16},"end":{"line":238,"column":81}},"99":{"start":{"line":239,"column":2},"end":{"line":239,"column":21}},"100":{"start":{"line":179,"column":0},"end":{"line":179,"column":13}}},"fnMap":{"0":{"name":"(anonymous_0)","decl":{"start":{"line":19,"column":1},"end":{"line":19,"column":13}},"loc":{"start":{"line":19,"column":30},"end":{"line":26,"column":2}}},"1":{"name":"(anonymous_1)","decl":{"start":{"line":28,"column":1},"end":{"line":28,"column":12}},"loc":{"start":{"line":28,"column":18},"end":{"line":30,"column":2}}},"2":{"name":"(anonymous_2)","decl":{"start":{"line":32,"column":8},"end":{"line":32,"column":15}},"loc":{"start":{"line":32,"column":15},"end":{"line":34,"column":2}}},"3":{"name":"(anonymous_3)","decl":{"start":{"line":36,"column":8},"end":{"line":36,"column":11}},"loc":{"start":{"line":36,"column":25},"end":{"line":38,"column":2}}},"4":{"name":"(anonymous_4)","decl":{"start":{"line":40,"column":8},"end":{"line":40,"column":11}},"loc":{"start":{"line":40,"column":34},"end":{"line":47,"column":2}}},"5":{"name":"(anonymous_5)","decl":{"start":{"line":49,"column":8},"end":{"line":49,"column":12}},"loc":{"start":{"line":49,"column":43},"end":{"line":60,"column":2}}},"6":{"name":"(anonymous_6)","decl":{"start":{"line":62,"column":8},"end":{"line":62,"column":17}},"loc":{"start":{"line":62,"column":36},"end":{"line":75,"column":2}}},"7":{"name":"(anonymous_7)","decl":{"start":{"line":77,"column":8},"end":{"line":77,"column":12}},"loc":{"start":{"line":77,"column":26},"end":{"line":86,"column":2}}},"8":{"name":"(anonymous_8)","decl":{"start":{"line":88,"column":8},"end":{"line":88,"column":15}},"loc":{"start":{"line":88,"column":29},"end":{"line":91,"column":2}}},"9":{"name":"(anonymous_9)","decl":{"start":{"line":93,"column":8},"end":{"line":93,"column":11}},"loc":{"start":{"line":93,"column":11},"end":{"line":104,"column":2}}},"10":{"name":"(anonymous_10)","decl":{"start":{"line":106,"column":8},"end":{"line":106,"column":13}},"loc":{"start":{"line":106,"column":26},"end":{"line":119,"column":2}}},"11":{"name":"(anonymous_11)","decl":{"start":{"line":121,"column":8},"end":{"line":121,"column":19}},"loc":{"start":{"line":121,"column":33},"end":{"line":124,"column":2}}},"12":{"name":"(anonymous_12)","decl":{"start":{"line":126,"column":8},"end":{"line":126,"column":18}},"loc":{"start":{"line":126,"column":32},"end":{"line":129,"column":2}}},"13":{"name":"(anonymous_13)","decl":{"start":{"line":131,"column":8},"end":{"line":131,"column":14}},"loc":{"start":{"line":131,"column":22},"end":{"line":137,"column":2}}},"14":{"name":"(anonymous_14)","decl":{"start":{"line":139,"column":8},"end":{"line":139,"column":13}},"loc":{"start":{"line":139,"column":13},"end":{"line":149,"column":2}}},"15":{"name":"(anonymous_15)","decl":{"start":{"line":151,"column":8},"end":{"line":151,"column":13}},"loc":{"start":{"line":151,"column":13},"end":{"line":156,"column":2}}},"16":{"name":"(anonymous_16)","decl":{"start":{"line":158,"column":8},"end":{"line":158,"column":15}},"loc":{"start":{"line":158,"column":15},"end":{"line":160,"column":2}}},"17":{"name":"(anonymous_17)","decl":{"start":{"line":162,"column":8},"end":{"line":162,"column":14}},"loc":{"start":{"line":162,"column":76},"end":{"line":164,"column":2}}},"18":{"name":"(anonymous_18)","decl":{"start":{"line":166,"column":8},"end":{"line":166,"column":15}},"loc":{"start":{"line":166,"column":88},"end":{"line":168,"column":2}}},"19":{"name":"(anonymous_19)","decl":{"start":{"line":170,"column":8},"end":{"line":170,"column":20}},"loc":{"start":{"line":170,"column":20},"end":{"line":176,"column":2}}},"20":{"name":"(anonymous_20)","decl":{"start":{"line":172,"column":26},"end":{"line":172,"column":27}},"loc":{"start":{"line":172,"column":32},"end":{"line":174,"column":3}}},"21":{"name":"(anonymous_21)","decl":{"start":{"line":183,"column":1},"end":{"line":183,"column":13}},"loc":{"start":{"line":183,"column":100},"end":{"line":226,"column":2}}},"22":{"name":"(anonymous_22)","decl":{"start":{"line":190,"column":28},"end":{"line":190,"column":29}},"loc":{"start":{"line":190,"column":39},"end":{"line":225,"column":3}}},"23":{"name":"(anonymous_23)","decl":{"start":{"line":228,"column":8},"end":{"line":228,"column":20}},"loc":{"start":{"line":228,"column":41},"end":{"line":234,"column":2}}},"24":{"name":"(anonymous_24)","decl":{"start":{"line":236,"column":11},"end":{"line":236,"column":18}},"loc":{"start":{"line":236,"column":18},"end":{"line":240,"column":2}}}},"branchMap":{"0":{"loc":{"start":{"line":20,"column":2},"end":{"line":24,"column":null}},"type":"if","locations":[{"start":{"line":20,"column":2},"end":{"line":24,"column":null}},{"start":{"line":20,"column":2},"end":{"line":24,"column":null}}]},"1":{"loc":{"start":{"line":42,"column":2},"end":{"line":44,"column":null}},"type":"if","locations":[{"start":{"line":42,"column":2},"end":{"line":44,"column":null}},{"start":{"line":42,"column":2},"end":{"line":44,"column":null}}]},"2":{"loc":{"start":{"line":50,"column":2},"end":{"line":52,"column":null}},"type":"if","locations":[{"start":{"line":50,"column":2},"end":{"line":52,"column":null}},{"start":{"line":50,"column":2},"end":{"line":52,"column":null}}]},"3":{"loc":{"start":{"line":63,"column":2},"end":{"line":65,"column":null}},"type":"if","locations":[{"start":{"line":63,"column":2},"end":{"line":65,"column":null}},{"start":{"line":63,"column":2},"end":{"line":65,"column":null}}]},"4":{"loc":{"start":{"line":69,"column":2},"end":{"line":72,"column":null}},"type":"if","locations":[{"start":{"line":69,"column":2},"end":{"line":72,"column":null}},{"start":{"line":69,"column":2},"end":{"line":72,"column":null}}]},"5":{"loc":{"start":{"line":69,"column":6},"end":{"line":69,"column":19}},"type":"binary-expr","locations":[{"start":{"line":69,"column":6},"end":{"line":69,"column":19}},{"start":{"line":69,"column":23},"end":{"line":69,"column":36}}]},"6":{"loc":{"start":{"line":108,"column":3},"end":{"line":114,"column":null}},"type":"if","locations":[{"start":{"line":108,"column":3},"end":{"line":114,"column":null}},{"start":{"line":108,"column":3},"end":{"line":114,"column":null}}]},"7":{"loc":{"start":{"line":109,"column":4},"end":{"line":113,"column":null}},"type":"if","locations":[{"start":{"line":109,"column":4},"end":{"line":113,"column":null}},{"start":{"line":109,"column":4},"end":{"line":113,"column":null}}]},"8":{"loc":{"start":{"line":116,"column":2},"end":{"line":118,"column":null}},"type":"if","locations":[{"start":{"line":116,"column":2},"end":{"line":118,"column":null}},{"start":{"line":116,"column":2},"end":{"line":118,"column":null}}]},"9":{"loc":{"start":{"line":133,"column":2},"end":{"line":136,"column":null}},"type":"if","locations":[{"start":{"line":133,"column":2},"end":{"line":136,"column":null}},{"start":{"line":133,"column":2},"end":{"line":136,"column":null}}]},"10":{"loc":{"start":{"line":193,"column":4},"end":{"line":197,"column":11}},"type":"switch","locations":[{"start":{"line":193,"column":4},"end":{"line":197,"column":11}},{"start":{"line":198,"column":4},"end":{"line":201,"column":11}},{"start":{"line":202,"column":4},"end":{"line":205,"column":11}},{"start":{"line":206,"column":4},"end":{"line":212,"column":11}},{"start":{"line":213,"column":4},"end":{"line":223,"column":11}}]},"11":{"loc":{"start":{"line":209,"column":5},"end":{"line":211,"column":null}},"type":"if","locations":[{"start":{"line":209,"column":5},"end":{"line":211,"column":null}},{"start":{"line":209,"column":5},"end":{"line":211,"column":null}}]},"12":{"loc":{"start":{"line":209,"column":9},"end":{"line":209,"column":22}},"type":"binary-expr","locations":[{"start":{"line":209,"column":9},"end":{"line":209,"column":22}},{"start":{"line":209,"column":26},"end":{"line":209,"column":39}}]},"13":{"loc":{"start":{"line":215,"column":5},"end":{"line":222,"column":null}},"type":"if","locations":[{"start":{"line":215,"column":5},"end":{"line":222,"column":null}},{"start":{"line":215,"column":5},"end":{"line":222,"column":null}}]},"14":{"loc":{"start":{"line":217,"column":6},"end":{"line":221,"column":null}},"type":"if","locations":[{"start":{"line":217,"column":6},"end":{"line":221,"column":null}},{"start":{"line":217,"column":6},"end":{"line":221,"column":null}}]},"15":{"loc":{"start":{"line":229,"column":2},"end":{"line":231,"column":null}},"type":"if","locations":[{"start":{"line":229,"column":2},"end":{"line":231,"column":null}},{"start":{"line":229,"column":2},"end":{"line":231,"column":null}}]}},"s":{"0":1,"1":1,"2":0,"3":0,"4":0,"5":0,"6":0,"7":0,"8":0,"9":0,"10":0,"11":0,"12":0,"13":0,"14":0,"15":0,"16":0,"17":0,"18":0,"19":0,"20":0,"21":0,"22":0,"23":0,"24":0,"25":0,"26":0,"27":0,"28":0,"29":0,"30":0,"31":0,"32":0,"33":0,"34":0,"35":0,"36":0,"37":0,"38":0,"39":0,"40":0,"41":0,"42":0,"43":0,"44":0,"45":0,"46":0,"47":0,"48":0,"49":0,"50":0,"51":0,"52":0,"53":0,"54":0,"55":0,"56":0,"57":0,"58":0,"59":0,"60":0,"61":0,"62":0,"63":0,"64":0,"65":1,"66":0,"67":0,"68":0,"69":0,"70":0,"71":0,"72":0,"73":0,"74":0,"75":0,"76":0,"77":0,"78":0,"79":0,"80":0,"81":0,"82":0,"83":0,"84":0,"85":0,"86":0,"87":0,"88":0,"89":0,"90":0,"91":0,"92":0,"93":0,"94":0,"95":0,"96":0,"97":0,"98":0,"99":0,"100":1},"f":{"0":0,"1":0,"2":0,"3":0,"4":0,"5":0,"6":0,"7":0,"8":0,"9":0,"10":0,"11":0,"12":0,"13":0,"14":0,"15":0,"16":0,"17":0,"18":0,"19":0,"20":0,"21":0,"22":0,"23":0,"24":0},"b":{"0":[0,0],"1":[0,0],"2":[0,0],"3":[0,0],"4":[0,0],"5":[0,0],"6":[0,0],"7":[0,0],"8":[0,0],"9":[0,0],"10":[0,0,0,0,0],"11":[0,0],"12":[0,0],"13":[0,0],"14":[0,0],"15":[0,0]}}
,"/home/phoenix/dev/github/aurum/src/stream/data_source.ts": {"path":"/home/phoenix/dev/github/aurum/src/stream/data_source.ts","statementMap":{"0":{"start":{"line":9,"column":2},"end":{"line":9,"column":28}},"1":{"start":{"line":10,"column":2},"end":{"line":10,"column":22}},"2":{"start":{"line":14,"column":2},"end":{"line":14,"column":24}},"3":{"start":{"line":15,"column":2},"end":{"line":17,"column":null}},"4":{"start":{"line":16,"column":3},"end":{"line":16,"column":15}},"5":{"start":{"line":21,"column":2},"end":{"line":21,"column":32}},"6":{"start":{"line":22,"column":17},"end":{"line":27,"column":3}},"7":{"start":{"line":23,"column":17},"end":{"line":23,"column":49}},"8":{"start":{"line":24,"column":3},"end":{"line":26,"column":null}},"9":{"start":{"line":25,"column":4},"end":{"line":25,"column":36}},"10":{"start":{"line":28,"column":2},"end":{"line":30,"column":5}},"11":{"start":{"line":29,"column":3},"end":{"line":29,"column":12}},"12":{"start":{"line":31,"column":2},"end":{"line":31,"column":16}},"13":{"start":{"line":35,"column":25},"end":{"line":35,"column":44}},"14":{"start":{"line":36,"column":2},"end":{"line":40,"column":24}},"15":{"start":{"line":37,"column":3},"end":{"line":39,"column":null}},"16":{"start":{"line":38,"column":4},"end":{"line":38,"column":33}},"17":{"start":{"line":41,"column":2},"end":{"line":41,"column":24}},"18":{"start":{"line":45,"column":2},"end":{"line":45,"column":68}},"19":{"start":{"line":45,"column":21},"end":{"line":45,"column":47}},"20":{"start":{"line":49,"column":23},"end":{"line":49,"column":62}},"21":{"start":{"line":50,"column":2},"end":{"line":52,"column":24}},"22":{"start":{"line":51,"column":3},"end":{"line":51,"column":40}},"23":{"start":{"line":53,"column":2},"end":{"line":53,"column":22}},"24":{"start":{"line":57,"column":23},"end":{"line":57,"column":42}},"25":{"start":{"line":58,"column":2},"end":{"line":62,"column":24}},"26":{"start":{"line":59,"column":3},"end":{"line":61,"column":null}},"27":{"start":{"line":60,"column":4},"end":{"line":60,"column":31}},"28":{"start":{"line":63,"column":2},"end":{"line":63,"column":22}},"29":{"start":{"line":67,"column":23},"end":{"line":67,"column":42}},"30":{"start":{"line":68,"column":2},"end":{"line":68,"column":93}},"31":{"start":{"line":68,"column":21},"end":{"line":68,"column":72}},"32":{"start":{"line":70,"column":2},"end":{"line":70,"column":22}},"33":{"start":{"line":78,"column":29},"end":{"line":78,"column":48}},"34":{"start":{"line":80,"column":2},"end":{"line":80,"column":109}},"35":{"start":{"line":80,"column":20},"end":{"line":80,"column":88}},"36":{"start":{"line":81,"column":2},"end":{"line":84,"column":4}},"37":{"start":{"line":82,"column":9},"end":{"line":82,"column":77}},"38":{"start":{"line":86,"column":2},"end":{"line":86,"column":28}},"39":{"start":{"line":90,"column":51},"end":{"line":90,"column":67}},"40":{"start":{"line":92,"column":2},"end":{"line":94,"column":24}},"41":{"start":{"line":93,"column":3},"end":{"line":93,"column":32}},"42":{"start":{"line":96,"column":2},"end":{"line":96,"column":23}},"43":{"start":{"line":100,"column":2},"end":{"line":100,"column":28}},"44":{"start":{"line":4,"column":0},"end":{"line":4,"column":13}}},"fnMap":{"0":{"name":"(anonymous_0)","decl":{"start":{"line":8,"column":1},"end":{"line":8,"column":13}},"loc":{"start":{"line":8,"column":29},"end":{"line":11,"column":2}}},"1":{"name":"(anonymous_1)","decl":{"start":{"line":13,"column":8},"end":{"line":13,"column":14}},"loc":{"start":{"line":13,"column":26},"end":{"line":18,"column":2}}},"2":{"name":"(anonymous_2)","decl":{"start":{"line":20,"column":8},"end":{"line":20,"column":14}},"loc":{"start":{"line":20,"column":82},"end":{"line":32,"column":2}}},"3":{"name":"(anonymous_3)","decl":{"start":{"line":22,"column":17},"end":{"line":22,"column":20}},"loc":{"start":{"line":22,"column":22},"end":{"line":27,"column":3}}},"4":{"name":"(anonymous_4)","decl":{"start":{"line":28,"column":35},"end":{"line":28,"column":38}},"loc":{"start":{"line":28,"column":40},"end":{"line":30,"column":3}}},"5":{"name":"(anonymous_5)","decl":{"start":{"line":34,"column":8},"end":{"line":34,"column":14}},"loc":{"start":{"line":34,"column":85},"end":{"line":42,"column":2}}},"6":{"name":"(anonymous_6)","decl":{"start":{"line":36,"column":14},"end":{"line":36,"column":15}},"loc":{"start":{"line":36,"column":24},"end":{"line":40,"column":3}}},"7":{"name":"(anonymous_7)","decl":{"start":{"line":44,"column":8},"end":{"line":44,"column":12}},"loc":{"start":{"line":44,"column":83},"end":{"line":46,"column":2}}},"8":{"name":"(anonymous_8)","decl":{"start":{"line":45,"column":14},"end":{"line":45,"column":15}},"loc":{"start":{"line":45,"column":21},"end":{"line":45,"column":47}}},"9":{"name":"(anonymous_9)","decl":{"start":{"line":48,"column":8},"end":{"line":48,"column":11}},"loc":{"start":{"line":48,"column":79},"end":{"line":54,"column":2}}},"10":{"name":"(anonymous_10)","decl":{"start":{"line":50,"column":14},"end":{"line":50,"column":15}},"loc":{"start":{"line":50,"column":24},"end":{"line":52,"column":3}}},"11":{"name":"(anonymous_11)","decl":{"start":{"line":56,"column":8},"end":{"line":56,"column":14}},"loc":{"start":{"line":56,"column":52},"end":{"line":64,"column":2}}},"12":{"name":"(anonymous_12)","decl":{"start":{"line":58,"column":14},"end":{"line":58,"column":15}},"loc":{"start":{"line":58,"column":24},"end":{"line":62,"column":3}}},"13":{"name":"(anonymous_13)","decl":{"start":{"line":66,"column":8},"end":{"line":66,"column":14}},"loc":{"start":{"line":66,"column":80},"end":{"line":71,"column":2}}},"14":{"name":"(anonymous_14)","decl":{"start":{"line":68,"column":14},"end":{"line":68,"column":15}},"loc":{"start":{"line":68,"column":21},"end":{"line":68,"column":72}}},"15":{"name":"(anonymous_15)","decl":{"start":{"line":73,"column":8},"end":{"line":73,"column":15}},"loc":{"start":{"line":76,"column":39},"end":{"line":87,"column":2}}},"16":{"name":"(anonymous_16)","decl":{"start":{"line":80,"column":14},"end":{"line":80,"column":17}},"loc":{"start":{"line":80,"column":20},"end":{"line":80,"column":88}}},"17":{"name":"(anonymous_17)","decl":{"start":{"line":82,"column":3},"end":{"line":82,"column":6}},"loc":{"start":{"line":82,"column":9},"end":{"line":82,"column":77}}},"18":{"name":"(anonymous_18)","decl":{"start":{"line":89,"column":8},"end":{"line":89,"column":12}},"loc":{"start":{"line":89,"column":64},"end":{"line":97,"column":2}}},"19":{"name":"(anonymous_19)","decl":{"start":{"line":92,"column":14},"end":{"line":92,"column":15}},"loc":{"start":{"line":92,"column":20},"end":{"line":94,"column":3}}},"20":{"name":"(anonymous_20)","decl":{"start":{"line":99,"column":8},"end":{"line":99,"column":17}},"loc":{"start":{"line":99,"column":17},"end":{"line":101,"column":2}}}},"branchMap":{"0":{"loc":{"start":{"line":24,"column":3},"end":{"line":26,"column":null}},"type":"if","locations":[{"start":{"line":24,"column":3},"end":{"line":26,"column":null}},{"start":{"line":24,"column":3},"end":{"line":26,"column":null}}]},"1":{"loc":{"start":{"line":28,"column":19},"end":{"line":28,"column":21}},"type":"cond-expr","locations":[{"start":{"line":28,"column":19},"end":{"line":28,"column":21}},{"start":{"line":28,"column":19},"end":{"line":30,"column":5}}]},"2":{"loc":{"start":{"line":28,"column":2},"end":{"line":28,"column":21}},"type":"binary-expr","locations":[{"start":{"line":28,"column":2},"end":{"line":28,"column":21}},{"start":{"line":28,"column":19},"end":{"line":28,"column":21}}]},"3":{"loc":{"start":{"line":37,"column":3},"end":{"line":39,"column":null}},"type":"if","locations":[{"start":{"line":37,"column":3},"end":{"line":39,"column":null}},{"start":{"line":37,"column":3},"end":{"line":39,"column":null}}]},"4":{"loc":{"start":{"line":59,"column":3},"end":{"line":61,"column":null}},"type":"if","locations":[{"start":{"line":59,"column":3},"end":{"line":61,"column":null}},{"start":{"line":59,"column":3},"end":{"line":61,"column":null}}]}},"s":{"0":1,"1":1,"2":0,"3":0,"4":0,"5":1,"6":1,"7":1,"8":1,"9":1,"10":1,"11":1,"12":1,"13":0,"14":0,"15":0,"16":0,"17":0,"18":0,"19":0,"20":0,"21":0,"22":0,"23":0,"24":0,"25":0,"26":0,"27":0,"28":0,"29":0,"30":0,"31":0,"32":0,"33":0,"34":0,"35":0,"36":0,"37":0,"38":0,"39":0,"40":0,"41":0,"42":0,"43":0,"44":1},"f":{"0":1,"1":0,"2":1,"3":1,"4":1,"5":0,"6":0,"7":0,"8":0,"9":0,"10":0,"11":0,"12":0,"13":0,"14":0,"15":0,"16":0,"17":0,"18":0,"19":0,"20":0},"b":{"0":[1,0],"1":[0,1],"2":[1,1],"3":[0,0],"4":[0,0]}}
,"/home/phoenix/dev/github/aurum/src/stream/event_emitter.ts": {"path":"/home/phoenix/dev/github/aurum/src/stream/event_emitter.ts","statementMap":{"0":{"start":{"line":48,"column":2},"end":{"line":48,"column":29}},"1":{"start":{"line":49,"column":2},"end":{"line":49,"column":33}},"2":{"start":{"line":50,"column":2},"end":{"line":50,"column":25}},"3":{"start":{"line":51,"column":2},"end":{"line":51,"column":24}},"4":{"start":{"line":53,"column":2},"end":{"line":64,"column":null}},"5":{"start":{"line":54,"column":3},"end":{"line":56,"column":null}},"6":{"start":{"line":55,"column":4},"end":{"line":55,"column":26}},"7":{"start":{"line":57,"column":3},"end":{"line":59,"column":null}},"8":{"start":{"line":58,"column":4},"end":{"line":58,"column":67}},"9":{"start":{"line":58,"column":49},"end":{"line":58,"column":65}},"10":{"start":{"line":61,"column":3},"end":{"line":63,"column":null}},"11":{"start":{"line":62,"column":4},"end":{"line":62,"column":37}},"12":{"start":{"line":34,"column":2},"end":{"line":34,"column":38}},"13":{"start":{"line":38,"column":2},"end":{"line":38,"column":42}},"14":{"start":{"line":68,"column":2},"end":{"line":70,"column":null}},"15":{"start":{"line":69,"column":3},"end":{"line":69,"column":26}},"16":{"start":{"line":72,"column":2},"end":{"line":72,"column":38}},"17":{"start":{"line":76,"column":2},"end":{"line":78,"column":null}},"18":{"start":{"line":77,"column":3},"end":{"line":77,"column":61}},"19":{"start":{"line":80,"column":2},"end":{"line":80,"column":72}},"20":{"start":{"line":84,"column":2},"end":{"line":89,"column":null}},"21":{"start":{"line":85,"column":3},"end":{"line":85,"column":47}},"22":{"start":{"line":86,"column":3},"end":{"line":86,"column":51}},"23":{"start":{"line":87,"column":3},"end":{"line":87,"column":47}},"24":{"start":{"line":88,"column":3},"end":{"line":88,"column":44}},"25":{"start":{"line":93,"column":38},"end":{"line":93,"column":59}},"26":{"start":{"line":94,"column":42},"end":{"line":94,"column":67}},"27":{"start":{"line":96,"column":2},"end":{"line":96,"column":49}},"28":{"start":{"line":97,"column":2},"end":{"line":97,"column":57}},"29":{"start":{"line":99,"column":2},"end":{"line":99,"column":31}},"30":{"start":{"line":100,"column":2},"end":{"line":100,"column":39}},"31":{"start":{"line":104,"column":2},"end":{"line":106,"column":null}},"32":{"start":{"line":105,"column":3},"end":{"line":105,"column":27}},"33":{"start":{"line":108,"column":21},"end":{"line":108,"column":96}},"34":{"start":{"line":110,"column":2},"end":{"line":110,"column":16}},"35":{"start":{"line":114,"column":2},"end":{"line":114,"column":65}},"36":{"start":{"line":117,"column":2},"end":{"line":119,"column":null}},"37":{"start":{"line":118,"column":3},"end":{"line":118,"column":31}},"38":{"start":{"line":121,"column":2},"end":{"line":123,"column":5}},"39":{"start":{"line":122,"column":3},"end":{"line":122,"column":102}},"40":{"start":{"line":122,"column":40},"end":{"line":122,"column":54}},"41":{"start":{"line":127,"column":2},"end":{"line":129,"column":null}},"42":{"start":{"line":128,"column":3},"end":{"line":128,"column":27}},"43":{"start":{"line":133,"column":2},"end":{"line":135,"column":null}},"44":{"start":{"line":134,"column":3},"end":{"line":134,"column":10}},"45":{"start":{"line":137,"column":2},"end":{"line":137,"column":23}},"46":{"start":{"line":139,"column":15},"end":{"line":139,"column":43}},"47":{"start":{"line":141,"column":2},"end":{"line":143,"column":null}},"48":{"start":{"line":141,"column":15},"end":{"line":141,"column":16}},"49":{"start":{"line":142,"column":3},"end":{"line":142,"column":43}},"50":{"start":{"line":145,"column":2},"end":{"line":145,"column":44}},"51":{"start":{"line":147,"column":2},"end":{"line":152,"column":null}},"52":{"start":{"line":148,"column":3},"end":{"line":150,"column":null}},"53":{"start":{"line":148,"column":16},"end":{"line":148,"column":17}},"54":{"start":{"line":149,"column":4},"end":{"line":149,"column":48}},"55":{"start":{"line":151,"column":3},"end":{"line":151,"column":40}},"56":{"start":{"line":155,"column":2},"end":{"line":159,"column":null}},"57":{"start":{"line":156,"column":3},"end":{"line":158,"column":null}},"58":{"start":{"line":157,"column":4},"end":{"line":157,"column":49}},"59":{"start":{"line":161,"column":2},"end":{"line":161,"column":24}},"60":{"start":{"line":162,"column":2},"end":{"line":165,"column":null}},"61":{"start":{"line":163,"column":3},"end"
[...]
,"/home/phoenix/dev/github/aurum/src/utilities/cancellation_token.ts": {"path":"/home/phoenix/dev/github/aurum/src/utilities/cancellation_token.ts","statementMap":{"0":{"start":{"line":2,"column":0},"end":{"line":2,"column":54}},"1":{"start":{"line":13,"column":2},"end":{"line":13,"column":50}},"2":{"start":{"line":14,"column":2},"end":{"line":14,"column":28}},"3":{"start":{"line":9,"column":2},"end":{"line":9,"column":27}},"4":{"start":{"line":22,"column":2},"end":{"line":22,"column":92}},"5":{"start":{"line":24,"column":2},"end":{"line":24,"column":36}},"6":{"start":{"line":26,"column":2},"end":{"line":28,"column":null}},"7":{"start":{"line":27,"column":3},"end":{"line":27,"column":88}},"8":{"start":{"line":30,"column":2},"end":{"line":30,"column":14}},"9":{"start":{"line":34,"column":2},"end":{"line":34,"column":97}},"10":{"start":{"line":36,"column":2},"end":{"line":36,"column":36}},"11":{"start":{"line":38,"column":2},"end":{"line":38,"column":14}},"12":{"start":{"line":42,"column":2},"end":{"line":42,"column":49}},"13":{"start":{"line":42,"column":27},"end":{"line":42,"column":47}},"14":{"start":{"line":44,"column":2},"end":{"line":44,"column":14}},"15":{"start":{"line":48,"column":2},"end":{"line":50,"column":null}},"16":{"start":{"line":49,"column":3},"end":{"line":49,"column":12}},"17":{"start":{"line":54,"column":13},"end":{"line":54,"column":33}},"18":{"start":{"line":55,"column":2},"end":{"line":55,"column":45}},"19":{"start":{"line":55,"column":27},"end":{"line":55,"column":43}},"20":{"start":{"line":59,"column":13},"end":{"line":59,"column":34}},"21":{"start":{"line":60,"column":2},"end":{"line":60,"column":46}},"22":{"start":{"line":60,"column":27},"end":{"line":60,"column":44}},"23":{"start":{"line":64,"column":21},"end":{"line":64,"column":46}},"24":{"start":{"line":65,"column":2},"end":{"line":65,"column":53}},"25":{"start":{"line":65,"column":27},"end":{"line":65,"column":51}},"26":{"start":{"line":69,"column":19},"end":{"line":72,"column":4}},"27":{"start":{"line":70,"column":3},"end":{"line":70,"column":12}},"28":{"start":{"line":71,"column":3},"end":{"line":71,"column":33}},"29":{"start":{"line":74,"column":2},"end":{"line":74,"column":53}},"30":{"start":{"line":74,"column":27},"end":{"line":74,"column":51}},"31":{"start":{"line":78,"column":2},"end":{"line":80,"column":null}},"32":{"start":{"line":79,"column":3},"end":{"line":79,"column":61}},"33":{"start":{"line":84,"column":2},"end":{"line":86,"column":null}},"34":{"start":{"line":85,"column":3},"end":{"line":85,"column":29}},"35":{"start":{"line":88,"column":2},"end":{"line":88,"column":44}},"36":{"start":{"line":88,"column":27},"end":{"line":88,"column":42}},"37":{"start":{"line":90,"column":2},"end":{"line":90,"column":14}},"38":{"start":{"line":97,"column":3},"end":{"line":97,"column":66}},"39":{"start":{"line":98,"column":2},"end":{"line":98,"column":78}},"40":{"start":{"line":98,"column":27},"end":{"line":98,"column":76}},"41":{"start":{"line":100,"column":2},"end":{"line":100,"column":14}},"42":{"start":{"line":107,"column":2},"end":{"line":109,"column":null}},"43":{"start":{"line":108,"column":3},"end":{"line":108,"column":10}},"44":{"start":{"line":110,"column":2},"end":{"line":110,"column":27}},"45":{"start":{"line":111,"column":2},"end":{"line":111,"column":39}},"46":{"start":{"line":111,"column":34},"end":{"line":111,"column":37}},"47":{"start":{"line":112,"column":2},"end":{"line":112,"column":31}},"48":{"start":{"line":4,"column":0},"end":{"line":4,"column":13}}},"fnMap":{"0":{"name":"(anonymous_0)","decl":{"start":{"line":12,"column":1},"end":{"line":12,"column":13}},"loc":{"start":{"line":12,"column":40},"end":{"line":15,"column":2}}},"1":{"name":"(anonymous_1)","decl":{"start":{"line":8,"column":1},"end":{"line":8,"column":12}},"loc":{"start":{"line":8,"column":22},"end":{"line":10,"column":2}}},"2":{"name":"(anonymous_2)","decl":{"start":{"line":21,"column":8},"end":{"line":21,"column":21}},"loc":{"start":{"line":21,"column":40},"end":{"line":31,"column":2}}},"3":{"name":"(anonymous_3)","decl":{"start":{"line":33,"column":8},"end":{"line":33,"column":24}},"loc":{"start":{"line":33,"column":43},"end":{"line":39,"column":2}}},"4":{"name":"(anonymous_4)","decl":{"start":{"line":41,"column":8},"end":{"line":41,"column":21}},"loc":{"start":{"line":41,"column":52},"end":{"line":45,"column":2}}},"5":{"name":"(anonymous_5)","decl":{"start":{"line":42,"column":21},"end":{"line":42,"column":24}},"loc":{"start":{"line":42,"column":27},"end":{"line":42,"column":47}}},"6":{"name":"(anonymous_6)","decl":{"start":{"line":47,"column":8},"end":{"line":47,"column":26}},"loc":{"start":{"line":47,"column":43},"end":{"line":51,"column":2}}},"7":{"name":"(anonymous_7)","decl":{"start":{"line":53,"column":8},"end":{"line":53,"column":18}},"loc":{"start":{"line":53,"column":49},"end":{"line":56,"column":2}}},"8":{"name":"(anonymous_8)","decl":{"start":{"line":55,"column":21},"end":{"line":55,"column":24}},"loc":{"start":{"line":55,"column":27},"end":{"line":55,"column":43}}},"9":{"name":"(anonymous_9)","decl":{"start":{"line":58,"column":8},"end":{"line":58,"column":19}},"loc":{"start":{"line":58,"column":46},"end":{"line":61,"column":2}}},"10":{"name":"(anonymous_10)","decl":{"start":{"line":60,"column":21},"end":{"line":60,"column":24}},"loc":{"start":{"line":60,"column":27},"end":{"line":60,"column":44}}},"11":{"name":"(anonymous_11)","decl":{"start":{"line":63,"column":8},"end":{"line":63,"column":29}},"loc":{"start":{"line":63,"column":50},"end":{"line":66,"column":2}}},"12":{"name":"(anonymous_12)","decl":{"start":{"line":65,"column":21},"end":{"line":65,"column":24}},"loc":{"start":{"line":65,"column":27},"end":{"line":65,"column":51}}},"13":{"name":"(anonymous_13)","decl":{"start":{"line":68,"column":8},"end":{"line":68,"column":21}},"loc":{"start":{"line":68,"column":42},"end":{"line":75,"column":2}}},"14":{"name":"f","decl":{"start":{"line":69,"column":50},"end":{"line":69,"column":51}},"loc":{"start":{"line":69,"column":64},"end":{"line":72,"column":3}}},"15":{"name":"(anonymous_15)","decl":{"start":{"line":74,"column":21},"end":{"line":74,"column":24}},"loc":{"start":{"line":74,"column":27},"end":{"line":74,"column":51}}},"16":{"name":"(anonymous_16)","decl":{"start":{"line":77,"column":8},"end":{"line":77,"column":24}},"loc":{"start":{"line":77,"column":36},"end":{"line":81,"column":2}}},"17":{"name":"(anonymous_17)","decl":{"start":{"line":83,"column":8},"end":{"line":83,"column":13}},"loc":{"start":{"line":83,"column":65},"end":{"line":91,"column":2}}},"18":{"name":"(anonymous_18)","decl":{"start":{"line":88,"column":21},"end":{"line":88,"column":24}},"loc":{"start":{"line":88,"column":27},"end":{"line":88,"column":42}}},"19":{"name":"(anonymous_19)","decl":{"start":{"line":96,"column":8},"end":{"line":96,"column":24}},"loc":{"start":{"line":96,"column":106},"end":{"line":101,"column":2}}},"20":{"name":"(anonymous_20)","decl":{"start":{"line":98,"column":21},"end":{"line":98,"column":24}},"loc":{"start":{"line":98,"column":27},"end":{"line":98,"column":76}}},"21":{"name":"(anonymous_21)","decl":{"start":{"line":106,"column":8},"end":{"line":106,"column":14}},"loc":{"start":{"line":106,"column":14},"end":{"line":113,"column":2}}},"22":{"name":"(anonymous_22)","decl":{"start":{"line":111,"column":27},"end":{"line":111,"column":28}},"loc":{"start":{"line":111,"column":34},"end":{"line":111,"column":37}}}},"branchMap":{"0":{"loc":{"start":{"line":26,"column":2},"end":{"line":28,"column":null}},"type":"if","locations":[{"start":{"line":26,"column":2},"end":{"line":28,"column":null}},{"start":{"line":26,"column":2},"end":{"line":28,"column":null}}]},"1":{"loc":{"start":{"line":48,"column":2},"end":{"line":50,"column":null}},"type":"if","locations":[{"start":{"line":48,"column":2},"end":{"line":50,"column":null}},{"start":{"line":48,"column":2},"end":{"line":50,"column":null}}]},"2":{"loc":{"start":{"line":53,"column":48},"end":{"line":53,"column":49}},"type":"default-arg","locations":[{"start":{"line":53,"column":48},"end":{"line":53,"column":49}}]},"3":{"loc":{"start":{"line":78,"column":2},"end":{"line":80,"column":null}},"type":"if","locations":[{"start":{"line":78,"column":2},"end":{"line":80,"column":null}},{"start":{"line":78,"column":2},"end":{"line":80,"column":null}}]},"4":{"loc":{"start":{"line":79,"column":19},"end":{"line":79,"column":22}},"type":"binary-expr","locations":[{"start":{"line":79,"column":19},"end":{"line":79,"column":22}},{"start":{"line":79,"column":26},"end":{"line":79,"column":59}}]},"5":{"loc":{"start":{"line":83,"column":60},"end":{"line":83,"column":65}},"type":"default-arg","locations":[{"start":{"line":83,"column":60},"end":{"line":83,"column":65}}]},"6":{"loc":{"start":{"line":84,"column":2},"end":{"line":86,"column":null}},"type":"if","locations":[{"start":{"line":84,"column":2},"end":{"line":86,"column":null}},{"start":{"line":84,"column":2},"end":{"line":86,"column":null}}]},"7":{"loc":{"start":{"line":107,"column":2},"end":{"line":109,"column":null}},"type":"if","locations":[{"start":{"line":107,"column":2},"end":{"line":109,"column":null}},{"start":{"line":107,"column":2},"end":{"line":109,"column":null}}]}},"s":{"0":1,"1":9,"2":9,"3":179,"4":163,"5":163,"6":163,"7":0,"8":163,"9":0,"10":0,"11":0,"12":0,"13":0,"14":0,"15":0,"16":0,"17":0,"18":0,"19":0,"20":0,"21":0,"22":0,"23":0,"24":0,"25":0,"26":0,"27":0,"28":0,"29":0,"30":0,"31":163,"32":0,"33":0,"34":0,"35":0,"36":0,"37":0,"38":162,"39":162,"40":144,"41":162,"42":16,"43":8,"44":8,"45":8,"46":145,"47":8,"48":1},"f":{"0":9,"1":179,"2":163,"3":0,"4":0,"5":0,"6":0,"7":0,"8":0,"9":0,"10":0,"11":0,"12":0,"13":0,"14":0,"15":0,"16":163,"17":0,"18":0,"19":162,"20":144,"21":16,"22":145},"b":{"0":[0,163],"1":[0,0],"2":[0],"3":[0,163],"4":[0,0],"5":[0],"6":[0,0],"7":[8,8]}}
,"/home/phoenix/dev/github/aurum/src/utilities/owner_symbol.ts": {"path":"/home/phoenix/dev/github/aurum/src/utilities/owner_symbol.ts","statementMap":{"0":{"start":{"line":1,"column":13},"end":{"line":1,"column":43}}},"fnMap":{},"branchMap":{},"s":{"0":1},"f":{},"b":{}}
,"/home/phoenix/dev/github/aurum/src/utilities/linkedlist/linked_list.ts": {"path":"/home/phoenix/dev/github/aurum/src/utilities/linkedlist/linked_list.ts","statementMap":{"0":{"start":{"line":1,"column":0},"end":{"line":1,"column":52}},"1":{"start":{"line":10,"column":2},"end":{"line":10,"column":18}},"2":{"start":{"line":11,"column":2},"end":{"line":11,"column":38}},"3":{"start":{"line":11,"column":22},"end":{"line":11,"column":36}},"4":{"start":{"line":15,"column":31},"end":{"line":15,"column":44}},"5":{"start":{"line":16,"column":2},"end":{"line":18,"column":null}},"6":{"start":{"line":17,"column":3},"end":{"line":17,"column":18}},"7":{"start":{"line":20,"column":2},"end":{"line":20,"column":13}},"8":{"start":{"line":24,"column":2},"end":{"line":30,"column":null}},"9":{"start":{"line":25,"column":3},"end":{"line":25,"column":63}},"10":{"start":{"line":27,"column":3},"end":{"line":27,"column":52}},"11":{"start":{"line":28,"column":3},"end":{"line":28,"column":47}},"12":{"start":{"line":29,"column":3},"end":{"line":29,"column":38}},"13":{"start":{"line":32,"column":2},"end":{"line":32,"column":16}},"14":{"start":{"line":33,"column":2},"end":{"line":33,"column":17}},"15":{"start":{"line":37,"column":2},"end":{"line":40,"column":5}},"16":{"start":{"line":38,"column":3},"end":{"line":38,"column":14}},"17":{"start":{"line":39,"column":3},"end":{"line":39,"column":16}},"18":{"start":{"line":44,"column":2},"end":{"line":50,"column":null}},"19":{"start":{"line":45,"column":3},"end":{"line":45,"column":63}},"20":{"start":{"line":47,"column":3},"end":{"line":47,"column":56}},"21":{"start":{"line":48,"column":3},"end":{"line":48,"column":47}},"22":{"start":{"line":49,"column":3},"end":{"line":49,"column":42}},"23":{"start":{"line":51,"column":2},"end":{"line":51,"column":16}},"24":{"start":{"line":52,"column":2},"end":{"line":52,"column":17}},"25":{"start":{"line":56,"column":2},"end":{"line":68,"column":null}},"26":{"start":{"line":57,"column":3},"end":{"line":57,"column":38}},"27":{"start":{"line":58,"column":3},"end":{"line":58,"column":17}},"28":{"start":{"line":60,"column":18},"end":{"line":60,"column":69}},"29":{"start":{"line":60,"column":35},"end":{"line":60,"column":68}},"30":{"start":{"line":61,"column":3},"end":{"line":67,"column":null}},"31":{"start":{"line":62,"column":4},"end":{"line":64,"column":null}},"32":{"start":{"line":63,"column":5},"end":{"line":63,"column":28}},"33":{"start":{"line":65,"column":4},"end":{"line":65,"column":24}},"34":{"start":{"line":66,"column":4},"end":{"line":66,"column":18}},"35":{"start":{"line":4,"column":0},"end":{"line":4,"column":13}}},"fnMap":{"0":{"name":"(anonymous_0)","decl":{"start":{"line":9,"column":1},"end":{"line":9,"column":13}},"loc":{"start":{"line":9,"column":27},"end":{"line":12,"column":2}}},"1":{"name":"(anonymous_1)","decl":{"start":{"line":11,"column":15},"end":{"line":11,"column":16}},"loc":{"start":{"line":11,"column":22},"end":{"line":11,"column":36}}},"2":{"name":"(anonymous_2)","decl":{"start":{"line":14,"column":8},"end":{"line":14,"column":12}},"loc":{"start":{"line":14,"column":52},"end":{"line":21,"column":2}}},"3":{"name":"(anonymous_3)","decl":{"start":{"line":23,"column":8},"end":{"line":23,"column":14}},"loc":{"start":{"line":23,"column":25},"end":{"line":34,"column":2}}},"4":{"name":"(anonymous_4)","decl":{"start":{"line":36,"column":8},"end":{"line":36,"column":15}},"loc":{"start":{"line":36,"column":34},"end":{"line":41,"column":2}}},"5":{"name":"(anonymous_5)","decl":{"start":{"line":37,"column":12},"end":{"line":37,"column":13}},"loc":{"start":{"line":37,"column":18},"end":{"line":40,"column":3}}},"6":{"name":"(anonymous_6)","decl":{"start":{"line":43,"column":8},"end":{"line":43,"column":15}},"loc":{"start":{"line":43,"column":26},"end":{"line":53,"column":2}}},"7":{"name":"(anonymous_7)","decl":{"start":{"line":55,"column":8},"end":{"line":55,"column":14}},"loc":{"start":{"line":55,"column":25},"end":{"line":69,"column":2}}},"8":{"name":"(anonymous_8)","decl":{"start":{"line":60,"column":28},"end":{"line":60,"column":29}},"loc":{"start":{"line":60,"column":35},"end":{"line":60,"column":68}}}},"branchMap":{"0":{"loc":{"start":{"line":9,"column":25},"end":{"line":9,"column":27}},"type":"default-arg","locations":[{"start":{"line":9,"column":25},"end":{"line":9,"column":27}}]},"1":{"loc":{"start":{"line":16,"column":9},"end":{"line":16,"column":12}},"type":"binary-expr","locations":[{"start":{"line":16,"column":9},"end":{"line":16,"column":12}},{"start":{"line":16,"column":16},"end":{"line":16,"column":31}}]},"2":{"loc":{"start":{"line":24,"column":2},"end":{"line":30,"column":null}},"type":"if","locations":[{"start":{"line":24,"column":2},"end":{"line":30,"column":null}},{"start":{"line":24,"column":2},"end":{"line":30,"column":null}}]},"3":{"loc":{"start":{"line":24,"column":6},"end":{"line":24,"column":20}},"type":"binary-expr","locations":[{"start":{"line":24,"column":6},"end":{"line":24,"column":20}},{"start":{"line":24,"column":24},"end":{"line":24,"column":38}}]},"4":{"loc":{"start":{"line":44,"column":2},"end":{"line":50,"column":null}},"type":"if","locations":[{"start":{"line":44,"column":2},"end":{"line":50,"column":null}},{"start":{"line":44,"column":2},"end":{"line":50,"column":null}}]},"5":{"loc":{"start":{"line":44,"column":6},"end":{"line":44,"column":20}},"type":"binary-expr","locations":[{"start":{"line":44,"column":6},"end":{"line":44,"column":20}},{"start":{"line":44,"column":24},"end":{"line":44,"column":38}}]},"6":{"loc":{"start":{"line":56,"column":2},"end":{"line":68,"column":null}},"type":"if","locations":[{"start":{"line":56,"column":2},"end":{"line":68,"column":null}},{"start":{"line":56,"column":2},"end":{"line":68,"column":null}}]},"7":{"loc":{"start":{"line":60,"column":35},"end":{"line":60,"column":41}},"type":"binary-expr","locations":[{"start":{"line":60,"column":35},"end":{"line":60,"column":41}},{"start":{"line":60,"column":45},"end":{"line":60,"column":68}}]},"8":{"loc":{"start":{"line":61,"column":3},"end":{"line":67,"column":null}},"type":"if","locations":[{"start":{"line":61,"column":3},"end":{"line":67,"column":null}},{"start":{"line":61,"column":3},"end":{"line":67,"column":null}}]},"9":{"loc":{"start":{"line":62,"column":4},"end":{"line":64,"column":null}},"type":"if","locations":[{"start":{"line":62,"column":4},"end":{"line":64,"column":null}},{"start":{"line":62,"column":4},"end":{"line":64,"column":null}}]}},"s":{"0":1,"1":9,"2":9,"3":0,"4":8,"5":8,"6":145,"7":8,"8":163,"9":9,"10":154,"11":154,"12":154,"13":163,"14":163,"15":8,"16":145,"17":145,"18":0,"19":0,"20":0,"21":0,"22":0,"23":0,"24":0,"25":0,"26":0,"27":0,"28":0,"29":0,"30":0,"31":0,"32":0,"33":0,"34":0,"35":1},"f":{"0":9,"1":0,"2":8,"3":163,"4":8,"5":145,"6":0,"7":0,"8":0},"b":{"0":[0],"1":[153,145],"2":[9,154],"3":[163,9],"4":[0,0],"5":[0,0],"6":[0,0],"7":[0,0],"8":[0,0],"9":[0,0]}}
,"/home/phoenix/dev/github/aurum/src/utilities/linkedlist/linked_list_node.ts": {"path":"/home/phoenix/dev/github/aurum/src/utilities/linkedlist/linked_list_node.ts","statementMap":{"0":{"start":{"line":7,"column":8},"end":{"line":7,"column":25}},"1":{"start":{"line":11,"column":8},"end":{"line":17,"column":null}},"2":{"start":{"line":12,"column":29},"end":{"line":12,"column":43}},"3":{"start":{"line":13,"column":12},"end":{"line":13,"column":39}},"4":{"start":{"line":14,"column":12},"end":{"line":14,"column":43}},"5":{"start":{"line":15,"column":12},"end":{"line":15,"column":33}},"6":{"start":{"line":16,"column":12},"end":{"line":16,"column":38}},"7":{"start":{"line":21,"column":8},"end":{"line":25,"column":null}},"8":{"start":{"line":22,"column":12},"end":{"line":22,"column":51}},"9":{"start":{"line":23,"column":12},"end":{"line":23,"column":43}},"10":{"start":{"line":24,"column":12},"end":{"line":24,"column":47}},"11":{"start":{"line":1,"column":0},"end":{"line":1,"column":13}}},"fnMap":{"0":{"name":"(anonymous_0)","decl":{"start":{"line":6,"column":4},"end":{"line":6,"column":16}},"loc":{"start":{"line":6,"column":23},"end":{"line":8,"column":5}}},"1":{"name":"(anonymous_1)","decl":{"start":{"line":10,"column":11},"end":{"line":10,"column":21}},"loc":{"start":{"line":10,"column":21},"end":{"line":18,"column":5}}},"2":{"name":"(anonymous_2)","decl":{"start":{"line":20,"column":11},"end":{"line":20,"column":25}},"loc":{"start":{"line":20,"column":25},"end":{"line":26,"column":5}}}},"branchMap":{"0":{"loc":{"start":{"line":11,"column":8},"end":{"line":17,"column":null}},"type":"if","locations":[{"start":{"line":11,"column":8},"end":{"line":17,"column":null}},{"start":{"line":11,"column":8},"end":{"line":17,"column":null}}]},"1":{"loc":{"start":{"line":21,"column":8},"end":{"line":25,"column":null}},"type":"if","locations":[{"start":{"line":21,"column":8},"end":{"line":25,"column":null}},{"start":{"line":21,"column":8},"end":{"line":25,"column":null}}]}},"s":{"0":163,"1":0,"2":0,"3":0,"4":0,"5":0,"6":0,"7":0,"8":0,"9":0,"10":0,"11":1},"f":{"0":163,"1":0,"2":0},"b":{"0":[0,0],"1":[0,0]}}
}
